Log file open, 11/18/19 10:21:14
LogWindows: Failed to load 'aqProf.dll' (GetLastError=126)
LogWindows: File 'aqProf.dll' does not exist
LogWindows: Failed to load 'VtuneApi.dll' (GetLastError=126)
LogWindows: File 'VtuneApi.dll' does not exist
LogWindows: Failed to load 'VtuneApi32e.dll' (GetLastError=126)
LogWindows: File 'VtuneApi32e.dll' does not exist
LogConsoleResponse: Display: Failed to find resolution value strings in scalability ini. Falling back to default.
LogInit: Display: Running engine for game: JamCat
LogPlatformFile: Not using cached read wrapper
LogTaskGraph: Started task graph with 5 named threads and 47 total threads with 3 sets of task threads.
LogStats: Stats thread started at 0.128751
LogD3D11RHI: Loaded GFSDK_Aftermath_Lib.x64.dll
LogICUInternationalization: ICU TimeZone Detection - Raw Offset: -8:00, Platform Override: ''
LogPluginManager: Mounting plugin Paper2D
LogPluginManager: Mounting plugin AISupport
LogPluginManager: Mounting plugin LightPropagationVolume
LogPluginManager: Mounting plugin ActorLayerUtilities
LogPluginManager: Mounting plugin AnimationSharing
LogPluginManager: Mounting plugin CLionSourceCodeAccess
LogPluginManager: Mounting plugin CodeLiteSourceCodeAccess
LogPluginManager: Mounting plugin GitSourceControl
LogPluginManager: Mounting plugin KDevelopSourceCodeAccess
LogPluginManager: Mounting plugin NullSourceCodeAccess
LogPluginManager: Mounting plugin PerforceSourceControl
LogPluginManager: Mounting plugin SubversionSourceControl
LogPluginManager: Mounting plugin UObjectPlugin
LogPluginManager: Mounting plugin VisualStudioCodeSourceCodeAccess
LogPluginManager: Mounting plugin VisualStudioSourceCodeAccess
LogPluginManager: Mounting plugin XCodeSourceCodeAccess
LogPluginManager: Mounting plugin AssetManagerEditor
LogPluginManager: Mounting plugin CryptoKeys
LogPluginManager: Mounting plugin CurveEditorTools
LogPluginManager: Mounting plugin DataValidation
LogPluginManager: Mounting plugin FacialAnimation
LogPluginManager: Mounting plugin GameplayTagsEditor
LogPluginManager: Mounting plugin MacGraphicsSwitching
LogPluginManager: Mounting plugin MaterialAnalyzer
LogPluginManager: Mounting plugin MobileLauncherProfileWizard
LogPluginManager: Mounting plugin PluginBrowser
LogPluginManager: Mounting plugin SpeedTreeImporter
LogPluginManager: Mounting plugin DatasmithContent
LogPluginManager: Mounting plugin VariantManagerContent
LogPluginManager: Mounting plugin AlembicImporter
LogPluginManager: Mounting plugin AutomationUtils
LogPluginManager: Mounting plugin BackChannel
LogPluginManager: Mounting plugin CharacterAI
LogPluginManager: Mounting plugin GeometryCache
LogPluginManager: Mounting plugin HTML5Networking
LogPluginManager: Mounting plugin PlatformCrypto
LogPluginManager: Mounting plugin ProxyLODPlugin
LogPluginManager: Mounting plugin SkeletalReduction
LogPluginManager: Mounting plugin MagicLeap
LogPluginManager: Mounting plugin MagicLeapMedia
LogPluginManager: Mounting plugin AndroidMedia
LogPluginManager: Mounting plugin AvfMedia
LogPluginManager: Mounting plugin ImgMedia
LogPluginManager: Mounting plugin MediaCompositing
LogPluginManager: Mounting plugin MediaPlayerEditor
LogPluginManager: Mounting plugin WebMMedia
LogPluginManager: Mounting plugin WmfMedia
LogPluginManager: Mounting plugin TcpMessaging
LogPluginManager: Mounting plugin UdpMessaging
LogPluginManager: Mounting plugin ActorSequence
LogPluginManager: Mounting plugin LevelSequenceEditor
LogPluginManager: Mounting plugin MatineeToLevelSequence
LogPluginManager: Mounting plugin NetcodeUnitTest
LogPluginManager: Mounting plugin NUTUnrealEngine4
LogPluginManager: Mounting plugin OnlineSubsystemGooglePlay
LogPluginManager: Mounting plugin OnlineSubsystemIOS
LogPluginManager: Mounting plugin OnlineSubsystem
LogPluginManager: Mounting plugin OnlineSubsystemNull
LogPluginManager: Mounting plugin OnlineSubsystemUtils
LogPluginManager: Mounting plugin LauncherChunkInstaller
LogPluginManager: Mounting plugin AndroidDeviceProfileSelector
LogPluginManager: Mounting plugin AndroidMoviePlayer
LogPluginManager: Mounting plugin AndroidPermission
LogPluginManager: Mounting plugin AppleImageUtils
LogPluginManager: Mounting plugin AppleMoviePlayer
LogPluginManager: Mounting plugin ArchVisCharacter
LogPluginManager: Mounting plugin AudioCapture
LogPluginManager: Mounting plugin CableComponent
LogPluginManager: Mounting plugin CustomMeshComponent
LogPluginManager: Mounting plugin EditableMesh
LogPluginManager: Mounting plugin ExampleDeviceProfileSelector
LogPluginManager: Mounting plugin GoogleCloudMessaging
LogPluginManager: Mounting plugin IOSDeviceProfileSelector
LogPluginManager: Mounting plugin LinuxDeviceProfileSelector
LogPluginManager: Mounting plugin LocationServicesBPLibrary
LogPluginManager: Mounting plugin MobilePatchingUtils
LogPluginManager: Mounting plugin OculusVR
LogPluginManager: Mounting plugin PhysXVehicles
LogPluginManager: Mounting plugin ProceduralMeshComponent
LogPluginManager: Mounting plugin RuntimePhysXCooking
LogPluginManager: Mounting plugin SignificanceManager
LogPluginManager: Mounting plugin SteamVR
LogPluginManager: Mounting plugin WebMMoviePlayer
LogPluginManager: Mounting plugin WindowsMoviePlayer
LogPluginManager: Mounting plugin ScreenshotTools
LogInit: Using libcurl 7.55.1-DEV
LogInit:  - built for x86_64-pc-win32
LogInit:  - supports SSL with OpenSSL/1.1.1
LogInit:  - supports HTTP deflate (compression) using libz 1.2.8
LogInit:  - other features:
LogInit:      CURL_VERSION_SSL
LogInit:      CURL_VERSION_LIBZ
LogInit:      CURL_VERSION_IPV6
LogInit:      CURL_VERSION_ASYNCHDNS
LogInit:      CURL_VERSION_LARGEFILE
LogInit:      CURL_VERSION_IDN
LogInit:  CurlRequestOptions (configurable via config and command line):
LogInit:  - bVerifyPeer = true  - Libcurl will verify peer certificate
LogInit:  - bUseHttpProxy = false  - Libcurl will NOT use HTTP proxy
LogInit:  - bDontReuseConnections = false  - Libcurl will reuse connections
LogInit:  - MaxHostConnections = 16  - Libcurl will limit the number of connections to a host
LogInit:  - LocalHostAddr = Default
LogInit:  - BufferSize = 65536
LogOnline: OSS: Creating online subsystem instance for: NULL
LogInit: WinSock: version 1.1 (2.2), MaxSocks=32767, MaxUdp=65467
LogInit: Build: ++UE4+Release-4.23-CL-8386587
LogInit: Engine Version: 4.23.0-8386587+++UE4+Release-4.23
LogInit: Compatible Engine Version: 4.23.0-8386587+++UE4+Release-4.23
LogInit: Net CL: 8386587
LogInit: OS: Windows 10 (Release 1903) (), CPU: Intel(R) Core(TM) i9-9900K CPU @ 3.60GHz, GPU: NVIDIA GeForce RTX 2080
LogInit: Compiled (64-bit): Aug 31 2019 02:04:44
LogInit: Compiled with Visual C++: 19.16.27030.01
LogInit: Build Configuration: Development
LogInit: Branch Name: ++UE4+Release-4.23
LogInit: Command Line: 
LogInit: Base Directory: D:/Program Files/Epic Games/UE_4.23/Engine/Binaries/Win64/
LogInit: Installed Engine Build: 1
LogDevObjectVersion: Number of dev versions registered: 23
LogDevObjectVersion:   Dev-Blueprints (B0D832E4-1F89-4F0D-ACCF-7EB736FD4AA2): 10
LogDevObjectVersion:   Dev-Build (E1C64328-A22C-4D53-A36C-8E866417BD8C): 0
LogDevObjectVersion:   Dev-Core (375EC13C-06E4-48FB-B500-84F0262A717E): 3
LogDevObjectVersion:   Dev-Editor (E4B068ED-F494-42E9-A231-DA0B2E46BB41): 34
LogDevObjectVersion:   Dev-Framework (CFFC743F-43B0-4480-9391-14DF171D2073): 35
LogDevObjectVersion:   Dev-Mobile (B02B49B5-BB20-44E9-A304-32B752E40360): 2
LogDevObjectVersion:   Dev-Networking (A4E4105C-59A1-49B5-A7C5-40C4547EDFEE): 0
LogDevObjectVersion:   Dev-Online (39C831C9-5AE6-47DC-9A44-9C173E1C8E7C): 0
LogDevObjectVersion:   Dev-Physics (78F01B33-EBEA-4F98-B9B4-84EACCB95AA2): 0
LogDevObjectVersion:   Dev-Platform (6631380F-2D4D-43E0-8009-CF276956A95A): 0
LogDevObjectVersion:   Dev-Rendering (12F88B9F-8875-4AFC-A67C-D90C383ABD29): 31
LogDevObjectVersion:   Dev-Sequencer (7B5AE74C-D270-4C10-A958-57980B212A5A): 11
LogDevObjectVersion:   Dev-VR (D7296918-1DD6-4BDD-9DE2-64A83CC13884): 2
LogDevObjectVersion:   Dev-LoadTimes (C2A15278-BFE7-4AFE-6C17-90FF531DF755): 1
LogDevObjectVersion:   Private-Geometry (6EACA3D4-40EC-4CC1-B786-8BED09428FC5): 3
LogDevObjectVersion:   Dev-AnimPhys (29E575DD-E0A3-4627-9D10-D276232CDCEA): 17
LogDevObjectVersion:   Dev-Anim (AF43A65D-7FD3-4947-9873-3E8ED9C1BB05): 2
LogDevObjectVersion:   Dev-ReflectionCapture (6B266CEC-1EC7-4B8F-A30B-E4D90942FC07): 1
LogDevObjectVersion:   Dev-Automation (0DF73D61-A23F-47EA-B727-89E90C41499A): 1
LogDevObjectVersion:   FortniteMain (601D1886-AC64-4F84-AA16-D3DE0DEAC7D6): 27
LogDevObjectVersion:   Dev-Enterprise (9DFFBCD6-494F-0158-E221-12823C92A888): 6
LogDevObjectVersion:   Dev-Niagara (F2AED0AC-9AFE-416F-8664-AA7FFA26D6FC): 1
LogDevObjectVersion:   Dev-Destruction (174F1F0B-B4C6-45A5-B13F-2EE8D0FB917D): 9
LogInit: Presizing for max 16777216 objects, including 0 objects not considered by GC, pre-allocating 0 bytes for permanent pool.
LogInit: Object subsystem initialized
LogConfig: Setting CVar [[con.DebugEarlyDefault:1]]
LogConfig: Setting CVar [[r.setres:1280x720]]
[2019.11.18-18.21.16:929][  0]LogConfig: Setting CVar [[r.VSync:0]]
[2019.11.18-18.21.16:929][  0]LogConfig: Setting CVar [[r.RHICmdBypass:0]]
[2019.11.18-18.21.16:929][  0]LogConfig: Applying CVar settings from Section [/Script/Engine.RendererSettings] File [C:/JamCat/JamCat/Saved/Config/Windows/Engine.ini]
[2019.11.18-18.21.16:929][  0]LogConfig: Setting CVar [[r.GPUCrashDebugging:0]]
[2019.11.18-18.21.16:929][  0]LogConfig: Setting CVar [[r.DefaultFeature.AutoExposure.ExtendDefaultLuminanceRange:1]]
[2019.11.18-18.21.16:929][  0]LogConfig: Setting CVar [[r.DefaultFeature.AutoExposure:0]]
[2019.11.18-18.21.16:930][  0]LogConfig: Applying CVar settings from Section [/Script/Engine.RendererOverrideSettings] File [C:/JamCat/JamCat/Saved/Config/Windows/Engine.ini]
[2019.11.18-18.21.16:930][  0]LogConfig: Applying CVar settings from Section [/Script/Engine.StreamingSettings] File [C:/JamCat/JamCat/Saved/Config/Windows/Engine.ini]
[2019.11.18-18.21.16:930][  0]LogConfig: Setting CVar [[s.MinBulkDataSizeForAsyncLoading:131072]]
[2019.11.18-18.21.16:930][  0]LogConfig: Setting CVar [[s.AsyncLoadingThreadEnabled:0]]
[2019.11.18-18.21.16:930][  0]LogConfig: Setting CVar [[s.EventDrivenLoaderEnabled:1]]
[2019.11.18-18.21.16:930][  0]LogConfig: Setting CVar [[s.WarnIfTimeLimitExceeded:0]]
[2019.11.18-18.21.16:930][  0]LogConfig: Setting CVar [[s.TimeLimitExceededMultiplier:1.5]]
[2019.11.18-18.21.16:930][  0]LogConfig: Setting CVar [[s.TimeLimitExceededMinTime:0.005]]
[2019.11.18-18.21.16:930][  0]LogConfig: Setting CVar [[s.UseBackgroundLevelStreaming:1]]
[2019.11.18-18.21.16:930][  0]LogConfig: Setting CVar [[s.PriorityAsyncLoadingExtraTime:15.0]]
[2019.11.18-18.21.16:930][  0]LogConfig: Setting CVar [[s.LevelStreamingActorsUpdateTimeLimit:5.0]]
[2019.11.18-18.21.16:930][  0]LogConfig: Setting CVar [[s.PriorityLevelStreamingActorsUpdateExtraTime:5.0]]
[2019.11.18-18.21.16:930][  0]LogConfig: Setting CVar [[s.LevelStreamingComponentsRegistrationGranularity:10]]
[2019.11.18-18.21.16:930][  0]LogConfig: Setting CVar [[s.UnregisterComponentsTimeLimit:1.0]]
[2019.11.18-18.21.16:930][  0]LogConfig: Setting CVar [[s.LevelStreamingComponentsUnregistrationGranularity:5]]
[2019.11.18-18.21.16:930][  0]LogConfig: Applying CVar settings from Section [/Script/Engine.GarbageCollectionSettings] File [C:/JamCat/JamCat/Saved/Config/Windows/Engine.ini]
[2019.11.18-18.21.16:930][  0]LogConfig: Setting CVar [[gc.MaxObjectsNotConsideredByGC:1]]
[2019.11.18-18.21.16:930][  0]LogConfig: Setting CVar [[gc.SizeOfPermanentObjectPool:0]]
[2019.11.18-18.21.16:930][  0]LogConfig: Setting CVar [[gc.FlushStreamingOnGC:0]]
[2019.11.18-18.21.16:930][  0]LogConfig: Setting CVar [[gc.NumRetriesBeforeForcingGC:10]]
[2019.11.18-18.21.16:930][  0]LogConfig: Setting CVar [[gc.AllowParallelGC:1]]
[2019.11.18-18.21.16:930][  0]LogConfig: Setting CVar [[gc.TimeBetweenPurgingPendingKillObjects:61.1]]
[2019.11.18-18.21.16:930][  0]LogConfig: Setting CVar [[gc.MaxObjectsInEditor:16777216]]
[2019.11.18-18.21.16:930][  0]LogConfig: Setting CVar [[gc.IncrementalBeginDestroyEnabled:1]]
[2019.11.18-18.21.16:930][  0]LogConfig: Setting CVar [[gc.CreateGCClusters:1]]
[2019.11.18-18.21.16:930][  0]LogConfig: Setting CVar [[gc.MinGCClusterSize:5]]
[2019.11.18-18.21.16:930][  0]LogConfig: Setting CVar [[gc.ActorClusteringEnabled:0]]
[2019.11.18-18.21.16:930][  0]LogConfig: Setting CVar [[gc.BlueprintClusteringEnabled:0]]
[2019.11.18-18.21.16:930][  0]LogConfig: Setting CVar [[gc.UseDisregardForGCOnDedicatedServers:0]]
[2019.11.18-18.21.16:930][  0]LogConfig: Applying CVar settings from Section [/Script/Engine.NetworkSettings] File [C:/JamCat/JamCat/Saved/Config/Windows/Engine.ini]
[2019.11.18-18.21.16:930][  0]LogConfig: Applying CVar settings from Section [/Script/UnrealEd.CookerSettings] File [C:/JamCat/JamCat/Saved/Config/Windows/Engine.ini]
[2019.11.18-18.21.16:966][  0]LogConfig: Applying CVar settings from Section [ViewDistanceQuality@3] File [C:/JamCat/JamCat/Saved/Config/Windows/Scalability.ini]
[2019.11.18-18.21.16:966][  0]LogConfig: Setting CVar [[r.SkeletalMeshLODBias:0]]
[2019.11.18-18.21.16:966][  0]LogConfig: Setting CVar [[r.ViewDistanceScale:1.0]]
[2019.11.18-18.21.16:966][  0]LogConfig: Applying CVar settings from Section [AntiAliasingQuality@3] File [C:/JamCat/JamCat/Saved/Config/Windows/Scalability.ini]
[2019.11.18-18.21.16:966][  0]LogConfig: Setting CVar [[r.PostProcessAAQuality:4]]
[2019.11.18-18.21.16:966][  0]LogConfig: Applying CVar settings from Section [ShadowQuality@3] File [C:/JamCat/JamCat/Saved/Config/Windows/Scalability.ini]
[2019.11.18-18.21.16:966][  0]LogConfig: Setting CVar [[r.LightFunctionQuality:1]]
[2019.11.18-18.21.16:966][  0]LogConfig: Setting CVar [[r.ShadowQuality:5]]
[2019.11.18-18.21.16:966][  0]LogConfig: Setting CVar [[r.Shadow.CSM.MaxCascades:10]]
[2019.11.18-18.21.16:966][  0]LogConfig: Setting CVar [[r.Shadow.MaxResolution:2048]]
[2019.11.18-18.21.16:966][  0]LogConfig: Setting CVar [[r.Shadow.MaxCSMResolution:2048]]
[2019.11.18-18.21.16:966][  0]LogConfig: Setting CVar [[r.Shadow.RadiusThreshold:0.01]]
[2019.11.18-18.21.16:966][  0]LogConfig: Setting CVar [[r.Shadow.DistanceScale:1.0]]
[2019.11.18-18.21.16:966][  0]LogConfig: Setting CVar [[r.Shadow.CSM.TransitionScale:1.0]]
[2019.11.18-18.21.16:966][  0]LogConfig: Setting CVar [[r.Shadow.PreShadowResolutionFactor:1.0]]
[2019.11.18-18.21.16:966][  0]LogConfig: Setting CVar [[r.DistanceFieldShadowing:1]]
[2019.11.18-18.21.16:966][  0]LogConfig: Setting CVar [[r.DistanceFieldAO:1]]
[2019.11.18-18.21.16:966][  0]LogConfig: Setting CVar [[r.AOQuality:2]]
[2019.11.18-18.21.16:966][  0]LogConfig: Setting CVar [[r.VolumetricFog:1]]
[2019.11.18-18.21.16:966][  0]LogConfig: Setting CVar [[r.VolumetricFog.GridPixelSize:8]]
[2019.11.18-18.21.16:966][  0]LogConfig: Setting CVar [[r.VolumetricFog.GridSizeZ:128]]
[2019.11.18-18.21.16:966][  0]LogConfig: Setting CVar [[r.VolumetricFog.HistoryMissSupersampleCount:4]]
[2019.11.18-18.21.16:966][  0]LogConfig: Setting CVar [[r.LightMaxDrawDistanceScale:1]]
[2019.11.18-18.21.16:966][  0]LogConfig: Setting CVar [[r.CapsuleShadows:1]]
[2019.11.18-18.21.16:966][  0]LogConfig: Applying CVar settings from Section [PostProcessQuality@3] File [C:/JamCat/JamCat/Saved/Config/Windows/Scalability.ini]
[2019.11.18-18.21.16:966][  0]LogConfig: Setting CVar [[r.MotionBlurQuality:4]]
[2019.11.18-18.21.16:966][  0]LogConfig: Setting CVar [[r.AmbientOcclusionMipLevelFactor:0.4]]
[2019.11.18-18.21.16:966][  0]LogConfig: Setting CVar [[r.AmbientOcclusionMaxQuality:100]]
[2019.11.18-18.21.16:966][  0]LogConfig: Setting CVar [[r.AmbientOcclusionLevels:-1]]
[2019.11.18-18.21.16:966][  0]LogConfig: Setting CVar [[r.AmbientOcclusionRadiusScale:1.0]]
[2019.11.18-18.21.16:966][  0]LogConfig: Setting CVar [[r.DepthOfFieldQuality:2]]
[2019.11.18-18.21.16:966][  0]LogConfig: Setting CVar [[r.RenderTargetPoolMin:400]]
[2019.11.18-18.21.16:966][  0]LogConfig: Setting CVar [[r.LensFlareQuality:2]]
[2019.11.18-18.21.16:966][  0]LogConfig: Setting CVar [[r.SceneColorFringeQuality:1]]
[2019.11.18-18.21.16:966][  0]LogConfig: Setting CVar [[r.EyeAdaptationQuality:2]]
[2019.11.18-18.21.16:966][  0]LogConfig: Setting CVar [[r.BloomQuality:5]]
[2019.11.18-18.21.16:966][  0]LogConfig: Setting CVar [[r.FastBlurThreshold:100]]
[2019.11.18-18.21.16:966][  0]LogConfig: Setting CVar [[r.Upscale.Quality:3]]
[2019.11.18-18.21.16:966][  0]LogConfig: Setting CVar [[r.Tonemapper.GrainQuantization:1]]
[2019.11.18-18.21.16:966][  0]LogConfig: Setting CVar [[r.LightShaftQuality:1]]
[2019.11.18-18.21.16:967][  0]LogConfig: Setting CVar [[r.Filter.SizeScale:1]]
[2019.11.18-18.21.16:967][  0]LogConfig: Setting CVar [[r.Tonemapper.Quality:5]]
[2019.11.18-18.21.16:967][  0]LogConfig: Setting CVar [[r.DOF.Gather.AccumulatorQuality:1        ; higher gathering accumulator quality]]
[2019.11.18-18.21.16:967][  0]LogConfig: Setting CVar [[r.DOF.Gather.PostfilterMethod:1          ; Median3x3 postfilering method]]
[2019.11.18-18.21.16:967][  0]LogConfig: Setting CVar [[r.DOF.Gather.EnableBokehSettings:0       ; no bokeh simulation when gathering]]
[2019.11.18-18.21.16:967][  0]LogConfig: Setting CVar [[r.DOF.Gather.RingCount:4                 ; medium number of samples when gathering]]
[2019.11.18-18.21.16:967][  0]LogConfig: Setting CVar [[r.DOF.Scatter.ForegroundCompositing:1    ; additive foreground scattering]]
[2019.11.18-18.21.16:967][  0]LogConfig: Setting CVar [[r.DOF.Scatter.BackgroundCompositing:2    ; additive background scattering]]
[2019.11.18-18.21.16:967][  0]LogConfig: Setting CVar [[r.DOF.Scatter.EnableBokehSettings:1      ; bokeh simulation when scattering]]
[2019.11.18-18.21.16:967][  0]LogConfig: Setting CVar [[r.DOF.Scatter.MaxSpriteRatio:0.1         ; only a maximum of 10% of scattered bokeh]]
[2019.11.18-18.21.16:967][  0]LogConfig: Setting CVar [[r.DOF.Recombine.Quality:1                ; cheap slight out of focus]]
[2019.11.18-18.21.16:967][  0]LogConfig: Setting CVar [[r.DOF.Recombine.EnableBokehSettings:0    ; no bokeh simulation on slight out of focus]]
[2019.11.18-18.21.16:967][  0]LogConfig: Setting CVar [[r.DOF.TemporalAAQuality:1                ; more stable temporal accumulation]]
[2019.11.18-18.21.16:967][  0]LogConfig: Setting CVar [[r.DOF.Kernel.MaxForegroundRadius:0.025]]
[2019.11.18-18.21.16:967][  0]LogConfig: Setting CVar [[r.DOF.Kernel.MaxBackgroundRadius:0.025]]
[2019.11.18-18.21.16:967][  0]LogConfig: Applying CVar settings from Section [TextureQuality@3] File [C:/JamCat/JamCat/Saved/Config/Windows/Scalability.ini]
[2019.11.18-18.21.16:967][  0]LogConfig: Setting CVar [[r.Streaming.MipBias:0]]
[2019.11.18-18.21.16:967][  0]LogConfig: Setting CVar [[r.Streaming.AmortizeCPUToGPUCopy:0]]
[2019.11.18-18.21.16:967][  0]LogConfig: Setting CVar [[r.Streaming.MaxNumTexturesToStreamPerFrame:0]]
[2019.11.18-18.21.16:967][  0]LogConfig: Setting CVar [[r.Streaming.Boost:1]]
[2019.11.18-18.21.16:967][  0]LogConfig: Setting CVar [[r.MaxAnisotropy:8]]
[2019.11.18-18.21.16:967][  0]LogConfig: Setting CVar [[r.Streaming.LimitPoolSizeToVRAM:0]]
[2019.11.18-18.21.16:967][  0]LogConfig: Setting CVar [[r.Streaming.PoolSize:1000]]
[2019.11.18-18.21.16:967][  0]LogConfig: Setting CVar [[r.Streaming.MaxEffectiveScreenSize:0]]
[2019.11.18-18.21.16:967][  0]LogConfig: Applying CVar settings from Section [EffectsQuality@3] File [C:/JamCat/JamCat/Saved/Config/Windows/Scalability.ini]
[2019.11.18-18.21.16:967][  0]LogConfig: Setting CVar [[r.TranslucencyLightingVolumeDim:64]]
[2019.11.18-18.21.16:967][  0]LogConfig: Setting CVar [[r.RefractionQuality:2]]
[2019.11.18-18.21.16:967][  0]LogConfig: Setting CVar [[r.SSR.Quality:3]]
[2019.11.18-18.21.16:967][  0]LogConfig: Setting CVar [[r.SceneColorFormat:4]]
[2019.11.18-18.21.16:967][  0]LogConfig: Setting CVar [[r.DetailMode:2]]
[2019.11.18-18.21.16:967][  0]LogConfig: Setting CVar [[r.TranslucencyVolumeBlur:1]]
[2019.11.18-18.21.16:967][  0]LogConfig: Setting CVar [[r.MaterialQualityLevel:1 ; High quality]]
[2019.11.18-18.21.16:967][  0]LogConfig: Setting CVar [[r.SSS.Scale:1]]
[2019.11.18-18.21.16:967][  0]LogConfig: Setting CVar [[r.SSS.SampleSet:2]]
[2019.11.18-18.21.16:967][  0]LogConfig: Setting CVar [[r.SSS.Quality:1]]
[2019.11.18-18.21.16:967][  0]LogConfig: Setting CVar [[r.SSS.HalfRes:1]]
[2019.11.18-18.21.16:967][  0]LogConfig: Setting CVar [[r.EmitterSpawnRateScale:1.0]]
[2019.11.18-18.21.16:967][  0]LogConfig: Setting CVar [[r.ParticleLightQuality:2]]
[2019.11.18-18.21.16:967][  0]LogConfig: Applying CVar settings from Section [FoliageQuality@3] File [C:/JamCat/JamCat/Saved/Config/Windows/Scalability.ini]
[2019.11.18-18.21.16:967][  0]LogConfig: Setting CVar [[foliage.DensityScale:1.0]]
[2019.11.18-18.21.16:967][  0]LogConfig: Setting CVar [[grass.DensityScale:1.0]]
[2019.11.18-18.21.16:977][  0]LogInit: Selected Device Profile: [Windows]
[2019.11.18-18.21.16:978][  0]LogInit: Applying CVar settings loaded from the selected device profile: [Windows]
[2019.11.18-18.21.17:011][  0]LogHAL: Display: Platform has ~ 64 GB [68634533888 / 68719476736 / 64], which maps to Largest [LargestMinGB=32, LargerMinGB=12, DefaultMinGB=8, SmallerMinGB=6, SmallestMinGB=0)
[2019.11.18-18.21.17:011][  0]LogInit: Going up to parent DeviceProfile []
[2019.11.18-18.21.17:018][  0]LogConfig: Applying CVar settings from Section [ViewDistanceQuality@3] File [C:/JamCat/JamCat/Saved/Config/Windows/Scalability.ini]
[2019.11.18-18.21.17:018][  0]LogConfig: Setting CVar [[r.SkeletalMeshLODBias:0]]
[2019.11.18-18.21.17:018][  0]LogConfig: Setting CVar [[r.ViewDistanceScale:1.0]]
[2019.11.18-18.21.17:018][  0]LogConfig: Applying CVar settings from Section [AntiAliasingQuality@3] File [C:/JamCat/JamCat/Saved/Config/Windows/Scalability.ini]
[2019.11.18-18.21.17:018][  0]LogConfig: Setting CVar [[r.PostProcessAAQuality:4]]
[2019.11.18-18.21.17:018][  0]LogConfig: Applying CVar settings from Section [ShadowQuality@3] File [C:/JamCat/JamCat/Saved/Config/Windows/Scalability.ini]
[2019.11.18-18.21.17:018][  0]LogConfig: Setting CVar [[r.LightFunctionQuality:1]]
[2019.11.18-18.21.17:018][  0]LogConfig: Setting CVar [[r.ShadowQuality:5]]
[2019.11.18-18.21.17:018][  0]LogConfig: Setting CVar [[r.Shadow.CSM.MaxCascades:10]]
[2019.11.18-18.21.17:018][  0]LogConfig: Setting CVar [[r.Shadow.MaxResolution:2048]]
[2019.11.18-18.21.17:018][  0]LogConfig: Setting CVar [[r.Shadow.MaxCSMResolution:2048]]
[2019.11.18-18.21.17:018][  0]LogConfig: Setting CVar [[r.Shadow.RadiusThreshold:0.01]]
[2019.11.18-18.21.17:018][  0]LogConfig: Setting CVar [[r.Shadow.DistanceScale:1.0]]
[2019.11.18-18.21.17:018][  0]LogConfig: Setting CVar [[r.Shadow.CSM.TransitionScale:1.0]]
[2019.11.18-18.21.17:018][  0]LogConfig: Setting CVar [[r.Shadow.PreShadowResolutionFactor:1.0]]
[2019.11.18-18.21.17:018][  0]LogConfig: Setting CVar [[r.DistanceFieldShadowing:1]]
[2019.11.18-18.21.17:018][  0]LogConfig: Setting CVar [[r.DistanceFieldAO:1]]
[2019.11.18-18.21.17:018][  0]LogConfig: Setting CVar [[r.AOQuality:2]]
[2019.11.18-18.21.17:018][  0]LogConfig: Setting CVar [[r.VolumetricFog:1]]
[2019.11.18-18.21.17:018][  0]LogConfig: Setting CVar [[r.VolumetricFog.GridPixelSize:8]]
[2019.11.18-18.21.17:018][  0]LogConfig: Setting CVar [[r.VolumetricFog.GridSizeZ:128]]
[2019.11.18-18.21.17:018][  0]LogConfig: Setting CVar [[r.VolumetricFog.HistoryMissSupersampleCount:4]]
[2019.11.18-18.21.17:018][  0]LogConfig: Setting CVar [[r.LightMaxDrawDistanceScale:1]]
[2019.11.18-18.21.17:018][  0]LogConfig: Setting CVar [[r.CapsuleShadows:1]]
[2019.11.18-18.21.17:018][  0]LogConfig: Applying CVar settings from Section [PostProcessQuality@3] File [C:/JamCat/JamCat/Saved/Config/Windows/Scalability.ini]
[2019.11.18-18.21.17:018][  0]LogConfig: Setting CVar [[r.MotionBlurQuality:4]]
[2019.11.18-18.21.17:018][  0]LogConfig: Setting CVar [[r.AmbientOcclusionMipLevelFactor:0.4]]
[2019.11.18-18.21.17:018][  0]LogConfig: Setting CVar [[r.AmbientOcclusionMaxQuality:100]]
[2019.11.18-18.21.17:018][  0]LogConfig: Setting CVar [[r.AmbientOcclusionLevels:-1]]
[2019.11.18-18.21.17:018][  0]LogConfig: Setting CVar [[r.AmbientOcclusionRadiusScale:1.0]]
[2019.11.18-18.21.17:018][  0]LogConfig: Setting CVar [[r.DepthOfFieldQuality:2]]
[2019.11.18-18.21.17:018][  0]LogConfig: Setting CVar [[r.RenderTargetPoolMin:400]]
[2019.11.18-18.21.17:018][  0]LogConfig: Setting CVar [[r.LensFlareQuality:2]]
[2019.11.18-18.21.17:018][  0]LogConfig: Setting CVar [[r.SceneColorFringeQuality:1]]
[2019.11.18-18.21.17:018][  0]LogConfig: Setting CVar [[r.EyeAdaptationQuality:2]]
[2019.11.18-18.21.17:018][  0]LogConfig: Setting CVar [[r.BloomQuality:5]]
[2019.11.18-18.21.17:018][  0]LogConfig: Setting CVar [[r.FastBlurThreshold:100]]
[2019.11.18-18.21.17:018][  0]LogConfig: Setting CVar [[r.Upscale.Quality:3]]
[2019.11.18-18.21.17:018][  0]LogConfig: Setting CVar [[r.Tonemapper.GrainQuantization:1]]
[2019.11.18-18.21.17:018][  0]LogConfig: Setting CVar [[r.LightShaftQuality:1]]
[2019.11.18-18.21.17:018][  0]LogConfig: Setting CVar [[r.Filter.SizeScale:1]]
[2019.11.18-18.21.17:018][  0]LogConfig: Setting CVar [[r.Tonemapper.Quality:5]]
[2019.11.18-18.21.17:018][  0]LogConfig: Setting CVar [[r.DOF.Gather.AccumulatorQuality:1        ; higher gathering accumulator quality]]
[2019.11.18-18.21.17:018][  0]LogConfig: Setting CVar [[r.DOF.Gather.PostfilterMethod:1          ; Median3x3 postfilering method]]
[2019.11.18-18.21.17:018][  0]LogConfig: Setting CVar [[r.DOF.Gather.EnableBokehSettings:0       ; no bokeh simulation when gathering]]
[2019.11.18-18.21.17:018][  0]LogConfig: Setting CVar [[r.DOF.Gather.RingCount:4                 ; medium number of samples when gathering]]
[2019.11.18-18.21.17:018][  0]LogConfig: Setting CVar [[r.DOF.Scatter.ForegroundCompositing:1    ; additive foreground scattering]]
[2019.11.18-18.21.17:018][  0]LogConfig: Setting CVar [[r.DOF.Scatter.BackgroundCompositing:2    ; additive background scattering]]
[2019.11.18-18.21.17:018][  0]LogConfig: Setting CVar [[r.DOF.Scatter.EnableBokehSettings:1      ; bokeh simulation when scattering]]
[2019.11.18-18.21.17:018][  0]LogConfig: Setting CVar [[r.DOF.Scatter.MaxSpriteRatio:0.1         ; only a maximum of 10% of scattered bokeh]]
[2019.11.18-18.21.17:018][  0]LogConfig: Setting CVar [[r.DOF.Recombine.Quality:1                ; cheap slight out of focus]]
[2019.11.18-18.21.17:018][  0]LogConfig: Setting CVar [[r.DOF.Recombine.EnableBokehSettings:0    ; no bokeh simulation on slight out of focus]]
[2019.11.18-18.21.17:018][  0]LogConfig: Setting CVar [[r.DOF.TemporalAAQuality:1                ; more stable temporal accumulation]]
[2019.11.18-18.21.17:018][  0]LogConfig: Setting CVar [[r.DOF.Kernel.MaxForegroundRadius:0.025]]
[2019.11.18-18.21.17:018][  0]LogConfig: Setting CVar [[r.DOF.Kernel.MaxBackgroundRadius:0.025]]
[2019.11.18-18.21.17:018][  0]LogConfig: Applying CVar settings from Section [TextureQuality@3] File [C:/JamCat/JamCat/Saved/Config/Windows/Scalability.ini]
[2019.11.18-18.21.17:018][  0]LogConfig: Setting CVar [[r.Streaming.MipBias:0]]
[2019.11.18-18.21.17:018][  0]LogConfig: Setting CVar [[r.Streaming.AmortizeCPUToGPUCopy:0]]
[2019.11.18-18.21.17:018][  0]LogConfig: Setting CVar [[r.Streaming.MaxNumTexturesToStreamPerFrame:0]]
[2019.11.18-18.21.17:018][  0]LogConfig: Setting CVar [[r.Streaming.Boost:1]]
[2019.11.18-18.21.17:018][  0]LogConfig: Setting CVar [[r.MaxAnisotropy:8]]
[2019.11.18-18.21.17:018][  0]LogConfig: Setting CVar [[r.Streaming.LimitPoolSizeToVRAM:0]]
[2019.11.18-18.21.17:018][  0]LogConfig: Setting CVar [[r.Streaming.PoolSize:1000]]
[2019.11.18-18.21.17:018][  0]LogConfig: Setting CVar [[r.Streaming.MaxEffectiveScreenSize:0]]
[2019.11.18-18.21.17:018][  0]LogConfig: Applying CVar settings from Section [EffectsQuality@3] File [C:/JamCat/JamCat/Saved/Config/Windows/Scalability.ini]
[2019.11.18-18.21.17:018][  0]LogConfig: Setting CVar [[r.TranslucencyLightingVolumeDim:64]]
[2019.11.18-18.21.17:018][  0]LogConfig: Setting CVar [[r.RefractionQuality:2]]
[2019.11.18-18.21.17:018][  0]LogConfig: Setting CVar [[r.SSR.Quality:3]]
[2019.11.18-18.21.17:018][  0]LogConfig: Setting CVar [[r.SceneColorFormat:4]]
[2019.11.18-18.21.17:018][  0]LogConfig: Setting CVar [[r.DetailMode:2]]
[2019.11.18-18.21.17:018][  0]LogConfig: Setting CVar [[r.TranslucencyVolumeBlur:1]]
[2019.11.18-18.21.17:018][  0]LogConfig: Setting CVar [[r.MaterialQualityLevel:1 ; High quality]]
[2019.11.18-18.21.17:018][  0]LogConfig: Setting CVar [[r.SSS.Scale:1]]
[2019.11.18-18.21.17:018][  0]LogConfig: Setting CVar [[r.SSS.SampleSet:2]]
[2019.11.18-18.21.17:018][  0]LogConfig: Setting CVar [[r.SSS.Quality:1]]
[2019.11.18-18.21.17:018][  0]LogConfig: Setting CVar [[r.SSS.HalfRes:1]]
[2019.11.18-18.21.17:018][  0]LogConfig: Setting CVar [[r.EmitterSpawnRateScale:1.0]]
[2019.11.18-18.21.17:018][  0]LogConfig: Setting CVar [[r.ParticleLightQuality:2]]
[2019.11.18-18.21.17:018][  0]LogConfig: Applying CVar settings from Section [FoliageQuality@3] File [C:/JamCat/JamCat/Saved/Config/Windows/Scalability.ini]
[2019.11.18-18.21.17:018][  0]LogConfig: Setting CVar [[foliage.DensityScale:1.0]]
[2019.11.18-18.21.17:018][  0]LogConfig: Setting CVar [[grass.DensityScale:1.0]]
[2019.11.18-18.21.17:018][  0]LogConfig: Applying CVar settings from Section [Startup] File [../../../Engine/Config/ConsoleVariables.ini]
[2019.11.18-18.21.17:022][  0]LogConfig: Setting CVar [[net.UseAdaptiveNetUpdateFrequency:0]]
[2019.11.18-18.21.17:022][  0]LogConfig: Setting CVar [[p.chaos.AllowCreatePhysxBodies:1]]
[2019.11.18-18.21.17:022][  0]LogConfig: Applying CVar settings from Section [ConsoleVariables] File [C:/JamCat/JamCat/Saved/Config/Windows/Engine.ini]
[2019.11.18-18.21.17:026][  0]LogInit: Computer: VICTOR
[2019.11.18-18.21.17:026][  0]LogInit: User: victorl
[2019.11.18-18.21.17:026][  0]LogInit: CPU Page size=4096, Cores=8
[2019.11.18-18.21.17:026][  0]LogInit: High frequency timer resolution =10.000000 MHz
[2019.11.18-18.21.17:040][  0]LogMemory: Memory total: Physical=63.9GB (64GB approx)
[2019.11.18-18.21.17:042][  0]LogMemory: Platform Memory Stats for Windows
[2019.11.18-18.21.17:042][  0]LogMemory: Process Physical Memory: 102.93 MB used, 102.93 MB peak
[2019.11.18-18.21.17:042][  0]LogMemory: Process Virtual Memory: 100.55 MB used, 100.55 MB peak
[2019.11.18-18.21.17:042][  0]LogMemory: Physical Memory: 7609.44 MB used,  57845.55 MB free, 65454.99 MB total
[2019.11.18-18.21.17:043][  0]LogMemory: Virtual Memory: 4701.71 MB used,  134213024.00 MB free, 134217728.00 MB total
[2019.11.18-18.21.17:053][  0]LogWindows: WindowsPlatformFeatures enabled
[2019.11.18-18.21.17:521][  0]LogInit: Using OS detected language (en-US).
[2019.11.18-18.21.17:521][  0]LogInit: Using OS detected locale (en-CA).
[2019.11.18-18.21.17:522][  0]LogTextLocalizationManager: No specific localization for 'en-US' exists, so the 'en' localization will be used.
[2019.11.18-18.21.17:939][  0]LogInit: Setting process to per monitor DPI aware
[2019.11.18-18.21.18:440][  0]LogSlate: New Slate User Created.  User Index 0, Is Virtual User: 0
[2019.11.18-18.21.18:440][  0]LogSlate: Slate User Registered.  User Index 0, Is Virtual User: 0
[2019.11.18-18.21.19:838][  0]LogHMD: Failed to initialize OpenVR with code 110
[2019.11.18-18.21.19:838][  0]LogD3D11RHI: D3D11 adapters:
[2019.11.18-18.21.19:894][  0]LogD3D11RHI:    0. 'NVIDIA GeForce RTX 2080' (Feature Level 11_0)
[2019.11.18-18.21.19:894][  0]LogD3D11RHI:       8010/0/32727 MB DedicatedVideo/DedicatedSystem/SharedSystem, Outputs:2, VendorId:0x10de
[2019.11.18-18.21.19:897][  0]LogD3D11RHI:    1. 'Microsoft Basic Render Driver' (Feature Level 11_0)
[2019.11.18-18.21.19:897][  0]LogD3D11RHI:       0/0/32727 MB DedicatedVideo/DedicatedSystem/SharedSystem, Outputs:0, VendorId:0x1414
[2019.11.18-18.21.19:897][  0]LogD3D11RHI: Chosen D3D11 Adapter: 0
[2019.11.18-18.21.19:935][  0]LogD3D11RHI: Creating new Direct3DDevice
[2019.11.18-18.21.19:936][  0]LogD3D11RHI:     GPU DeviceId: 0x1e82 (for the marketing name, search the web for "GPU Device Id")
[2019.11.18-18.21.19:936][  0]LogWindows: EnumDisplayDevices:
[2019.11.18-18.21.19:936][  0]LogWindows:    0. 'NVIDIA GeForce RTX 2080' (P:1 D:1)
[2019.11.18-18.21.19:936][  0]LogWindows:    1. 'NVIDIA GeForce RTX 2080' (P:0 D:1)
[2019.11.18-18.21.19:937][  0]LogWindows:    2. 'NVIDIA GeForce RTX 2080' (P:0 D:0)
[2019.11.18-18.21.19:937][  0]LogWindows:    3. 'NVIDIA GeForce RTX 2080' (P:0 D:0)
[2019.11.18-18.21.19:937][  0]LogWindows: DebugString: FoundDriverCount:4 
[2019.11.18-18.21.19:937][  0]LogD3D11RHI:     Adapter Name: NVIDIA GeForce RTX 2080
[2019.11.18-18.21.19:938][  0]LogD3D11RHI:   Driver Version: 441.08 (internal:26.21.14.4108, unified:441.08)
[2019.11.18-18.21.19:938][  0]LogD3D11RHI:      Driver Date: 10-22-2019
[2019.11.18-18.21.19:938][  0]LogRHI: Texture pool is 5607 MB (70% of 8010 MB)
[2019.11.18-18.21.19:993][  0]LogD3D11RHI: Async texture creation enabled
[2019.11.18-18.21.20:217][  0]LogD3D11RHI: GPU Timing Frequency: 1000.000000 (Debug: 2 1)
[2019.11.18-18.21.20:722][  0]LogTemp: Display: Module 'AllDesktopTargetPlatform' loaded TargetPlatform 'AllDesktop'
[2019.11.18-18.21.20:786][  0]LogTemp: Display: Module 'MacClientTargetPlatform' loaded TargetPlatform 'MacClient'
[2019.11.18-18.21.20:813][  0]LogTemp: Display: Module 'MacNoEditorTargetPlatform' loaded TargetPlatform 'MacNoEditor'
[2019.11.18-18.21.20:836][  0]LogTemp: Display: Module 'MacServerTargetPlatform' loaded TargetPlatform 'MacServer'
[2019.11.18-18.21.20:865][  0]LogTemp: Display: Module 'MacTargetPlatform' loaded TargetPlatform 'Mac'
[2019.11.18-18.21.20:904][  0]LogTemp: Display: Module 'WindowsClientTargetPlatform' loaded TargetPlatform 'WindowsClient'
[2019.11.18-18.21.20:929][  0]LogTemp: Display: Module 'WindowsNoEditorTargetPlatform' loaded TargetPlatform 'WindowsNoEditor'
[2019.11.18-18.21.20:950][  0]LogTemp: Display: Module 'WindowsServerTargetPlatform' loaded TargetPlatform 'WindowsServer'
[2019.11.18-18.21.20:963][  0]LogTemp: Display: Module 'WindowsTargetPlatform' loaded TargetPlatform 'Windows'
[2019.11.18-18.21.21:023][  0]LogTemp: Display: Module 'AndroidTargetPlatform' loaded TargetPlatform 'Android'
[2019.11.18-18.21.21:023][  0]LogTemp: Display: Module 'AndroidTargetPlatform' loaded TargetPlatform 'Android_ASTC'
[2019.11.18-18.21.21:023][  0]LogTemp: Display: Module 'AndroidTargetPlatform' loaded TargetPlatform 'Android_ATC'
[2019.11.18-18.21.21:023][  0]LogTemp: Display: Module 'AndroidTargetPlatform' loaded TargetPlatform 'Android_DXT'
[2019.11.18-18.21.21:023][  0]LogTemp: Display: Module 'AndroidTargetPlatform' loaded TargetPlatform 'Android_ETC1'
[2019.11.18-18.21.21:023][  0]LogTemp: Display: Module 'AndroidTargetPlatform' loaded TargetPlatform 'Android_ETC1a'
[2019.11.18-18.21.21:023][  0]LogTemp: Display: Module 'AndroidTargetPlatform' loaded TargetPlatform 'Android_ETC2'
[2019.11.18-18.21.21:023][  0]LogTemp: Display: Module 'AndroidTargetPlatform' loaded TargetPlatform 'Android_PVRTC'
[2019.11.18-18.21.21:023][  0]LogTemp: Display: Module 'AndroidTargetPlatform' loaded TargetPlatform 'AndroidClient'
[2019.11.18-18.21.21:024][  0]LogTemp: Display: Module 'AndroidTargetPlatform' loaded TargetPlatform 'Android_ASTCClient'
[2019.11.18-18.21.21:024][  0]LogTemp: Display: Module 'AndroidTargetPlatform' loaded TargetPlatform 'Android_ATCClient'
[2019.11.18-18.21.21:024][  0]LogTemp: Display: Module 'AndroidTargetPlatform' loaded TargetPlatform 'Android_DXTClient'
[2019.11.18-18.21.21:024][  0]LogTemp: Display: Module 'AndroidTargetPlatform' loaded TargetPlatform 'Android_ETC1Client'
[2019.11.18-18.21.21:024][  0]LogTemp: Display: Module 'AndroidTargetPlatform' loaded TargetPlatform 'Android_ETC1aClient'
[2019.11.18-18.21.21:024][  0]LogTemp: Display: Module 'AndroidTargetPlatform' loaded TargetPlatform 'Android_ETC2Client'
[2019.11.18-18.21.21:024][  0]LogTemp: Display: Module 'AndroidTargetPlatform' loaded TargetPlatform 'Android_PVRTCClient'
[2019.11.18-18.21.21:024][  0]LogTemp: Display: Module 'AndroidTargetPlatform' loaded TargetPlatform 'Android_Multi'
[2019.11.18-18.21.21:024][  0]LogTemp: Display: Module 'AndroidTargetPlatform' loaded TargetPlatform 'Android_MultiClient'
[2019.11.18-18.21.21:043][  0]LogTemp: Display: Module 'HTML5TargetPlatform' loaded TargetPlatform 'HTML5'
[2019.11.18-18.21.21:113][  0]LogTemp: Display: Module 'IOSTargetPlatform' loaded TargetPlatform 'IOSClient'
[2019.11.18-18.21.21:114][  0]LogTemp: Display: Module 'IOSTargetPlatform' loaded TargetPlatform 'IOS'
[2019.11.18-18.21.21:132][  0]LogTemp: Display: Module 'TVOSTargetPlatform' loaded TargetPlatform 'TVOSClient'
[2019.11.18-18.21.21:132][  0]LogTemp: Display: Module 'TVOSTargetPlatform' loaded TargetPlatform 'TVOS'
[2019.11.18-18.21.21:150][  0]LogTemp: Display: Module 'LinuxClientTargetPlatform' loaded TargetPlatform 'LinuxClient'
[2019.11.18-18.21.21:165][  0]LogTemp: Display: Module 'LinuxNoEditorTargetPlatform' loaded TargetPlatform 'LinuxNoEditor'
[2019.11.18-18.21.21:179][  0]LogTemp: Display: Module 'LinuxServerTargetPlatform' loaded TargetPlatform 'LinuxServer'
[2019.11.18-18.21.21:203][  0]LogTemp: Display: Module 'LinuxTargetPlatform' loaded TargetPlatform 'Linux'
[2019.11.18-18.21.21:238][  0]LogTemp: Display: Module 'LuminTargetPlatform' loaded TargetPlatform 'Lumin'
[2019.11.18-18.21.21:238][  0]LogTemp: Display: Module 'LuminTargetPlatform' loaded TargetPlatform 'LuminClient'
[2019.11.18-18.21.21:238][  0]LogTargetPlatformManager: Display: Building Assets For Windows
[2019.11.18-18.21.21:361][  0]LogAudioDebug: Display: Lib vorbis DLL was dynamically loaded.
[2019.11.18-18.21.21:806][  0]LogShaderCompilers: Guid format shader working directory is 33 characters bigger than the processId version (C:/JamCat/JamCat/Intermediate/Shaders/WorkingDirectory/9340/).
[2019.11.18-18.21.21:806][  0]LogShaderCompilers: Cleaned the shader compiler working directory 'C:/Users/victor.l/AppData/Local/Temp/UnrealShaderWorkingDir/86DC948547C520FE21AED18E2BB43A8E/'.
[2019.11.18-18.21.21:823][  0]LogXGEController: Cleaning working directory: C:/Users/victor.l/AppData/Local/Temp/UnrealXGEWorkingDir/
[2019.11.18-18.21.21:823][  0]LogXGEController: Cannot use XGE Controller as Incredibuild is not installed on this machine.
[2019.11.18-18.21.21:823][  0]LogShaderCompilers: Cannot use XGE Shader Compiler as Incredibuild is not installed on this machine.
[2019.11.18-18.21.21:823][  0]LogShaderCompilers: Display: Using Local Shader Compiler.
[2019.11.18-18.21.23:890][  0]LogDerivedDataCache: Display: Max Cache Size: 512 MB
[2019.11.18-18.21.23:952][  0]LogDerivedDataCache: Loaded boot cache 0.06s 73MB C:/Users/victor.l/AppData/Local/UnrealEngine/4.23/DerivedDataCache/Boot.ddc.
[2019.11.18-18.21.23:953][  0]LogDerivedDataCache: Display: Loaded Boot cache: C:/Users/victor.l/AppData/Local/UnrealEngine/4.23/DerivedDataCache/Boot.ddc
[2019.11.18-18.21.23:953][  0]LogDerivedDataCache: FDerivedDataBackendGraph:  Pak pak cache file C:/JamCat/JamCat/DerivedDataCache/DDC.ddp not found, will not use a pak cache.
[2019.11.18-18.21.23:953][  0]LogDerivedDataCache: Unable to find inner node Pak for hierarchical cache Hierarchy.
[2019.11.18-18.21.23:953][  0]LogDerivedDataCache: FDerivedDataBackendGraph:  CompressedPak pak cache file C:/JamCat/JamCat/DerivedDataCache/Compressed.ddp not found, will not use a pak cache.
[2019.11.18-18.21.23:953][  0]LogDerivedDataCache: Unable to find inner node CompressedPak for hierarchical cache Hierarchy.
[2019.11.18-18.21.24:005][  0]LogDerivedDataCache: Display: Pak cache opened for reading ../../../Engine/DerivedDataCache/Compressed.ddp.
[2019.11.18-18.21.24:005][  0]LogDerivedDataCache: FDerivedDataBackendGraph:  EnterprisePak pak cache file ../../../Enterprise/DerivedDataCache/Compressed.ddp not found, will not use a pak cache.
[2019.11.18-18.21.24:005][  0]LogDerivedDataCache: Unable to find inner node EnterprisePak for hierarchical cache Hierarchy.
[2019.11.18-18.21.24:006][  0]LogDerivedDataCache: Using Local data cache path C:/Users/victor.l/AppData/Local/UnrealEngine/Common/DerivedDataCache: Writable
[2019.11.18-18.21.24:006][  0]LogDerivedDataCache: Shared data cache path not found in *engine.ini, will not use an Shared cache.
[2019.11.18-18.21.24:006][  0]LogDerivedDataCache: Unable to find inner node Shared for hierarchical cache Hierarchy.
[2019.11.18-18.21.24:051][  0]LogMaterial: Verifying Global Shaders for PCD3D_SM5
[2019.11.18-18.21.24:105][  0]LogSlate: Using FreeType 2.6.0
[2019.11.18-18.21.24:153][  0]LogSlate: SlateFontServices - WITH_FREETYPE: 1, WITH_HARFBUZZ: 1
[2019.11.18-18.21.24:571][  0]LogAssetRegistry: FAssetRegistry took 0.0038 seconds to start up
[2019.11.18-18.21.27:145][  0]LogInit: Selected Device Profile: [Windows]
[2019.11.18-18.21.28:525][  0]LogMeshReduction: Using QuadricMeshReduction for automatic static mesh reduction
[2019.11.18-18.21.28:525][  0]LogMeshReduction: Using SimplygonMeshReduction for automatic skeletal mesh reduction
[2019.11.18-18.21.28:525][  0]LogMeshReduction: Using ProxyLODMeshReduction for automatic mesh merging
[2019.11.18-18.21.28:525][  0]LogMeshReduction: No distributed automatic mesh merging module available
[2019.11.18-18.21.28:525][  0]LogMeshMerging: No distributed automatic mesh merging module available
[2019.11.18-18.21.28:814][  0]LogNetVersion: JamCat 1.0.0, NetCL: 8386587, EngineNetVer: 11, GameNetVer: 0 (Checksum: 814126697)
[2019.11.18-18.21.31:007][  0]LogPackageLocalizationCache: Processed 12 localized package path(s) for 1 prioritized culture(s) in 0.064837 seconds
[2019.11.18-18.21.31:019][  0]LogUObjectArray: 43444 objects as part of root set at end of initial load.
[2019.11.18-18.21.31:019][  0]LogUObjectAllocator: 7548648 out of 0 bytes used by permanent object pool.
[2019.11.18-18.21.31:019][  0]LogUObjectArray: CloseDisregardForGC: 0/0 objects in disregard for GC pool
[2019.11.18-18.21.39:786][  0]LogTcpMessaging: Initializing TcpMessaging bridge
[2019.11.18-18.21.39:811][  0]LogUdpMessaging: Initializing bridge on interface 0.0.0.0:0 to multicast group 230.0.0.1:6666.
[2019.11.18-18.21.40:340][  0]SourceControl: Source control is disabled
[2019.11.18-18.21.40:346][  0]SourceControl: Source control is disabled
[2019.11.18-18.21.40:439][  0]SourceControl: Source control is disabled
[2019.11.18-18.21.40:463][  0]SourceControl: Source control is disabled
[2019.11.18-18.21.41:463][  0]LogAndroidPermission: UAndroidPermissionCallbackProxy::GetInstance
[2019.11.18-18.21.41:954][  0]LogOcInput: OculusInput pre-init called
[2019.11.18-18.21.42:001][  0]LogWindows: Failed to load 'OVRPlugin.dll' (GetLastError=126)
[2019.11.18-18.21.42:001][  0]LogWindows: File 'OVRPlugin.dll' does not exist
[2019.11.18-18.21.42:776][  0]LogEngine: Initializing Engine...
[2019.11.18-18.21.42:811][  0]LogHMD: Failed to initialize OpenVR with code 110
[2019.11.18-18.21.42:862][  0]LogStats: UGameplayTagsManager::InitializeManager -  0.036 s
[2019.11.18-18.21.43:047][  0]LogInit: Initializing FReadOnlyCVARCache
[2019.11.18-18.21.43:338][  0]LogAIModule: Creating AISystem for world Untitled
[2019.11.18-18.21.43:468][  0]LogInit: XAudio2 using 'Digital Audio (S/PDIF) (High Definition Audio Device)' : 2 channels at 48 kHz using 16 bits per sample (channel mask 0x3)
[2019.11.18-18.21.43:491][  0]LogInit: FAudioDevice initialized.
[2019.11.18-18.21.43:492][  0]LogNetVersion: Set ProjectVersion to 1.0.0.0. Version Checksum will be recalculated on next use.
[2019.11.18-18.21.43:525][  0]LogDerivedDataCache: Saved boot cache 0.03s 73MB C:/Users/victor.l/AppData/Local/UnrealEngine/4.23/DerivedDataCache/Boot.ddc.
[2019.11.18-18.21.43:531][  0]LogInit: Texture streaming: Enabled
[2019.11.18-18.21.43:665][  0]LogEngineSessionManager: EngineSessionManager initialized
[2019.11.18-18.21.43:854][  0]LogInit: Transaction tracking system initialized
[2019.11.18-18.21.44:203][  0]BlueprintLog: New page: Editor Load
[2019.11.18-18.21.45:033][  0]LocalizationService: Localization service is disabled
[2019.11.18-18.21.45:406][  0]LogLinker: Warning: Failed to load '/Game/PuzzleBP/Tutorial/Part6-Controller': Can't find file.
[2019.11.18-18.21.45:407][  0]LogLinker: Warning: Failed to load '/Game/PuzzleBP/Tutorial/Part6-Controller': Can't find file.
[2019.11.18-18.21.45:407][  0]LogUObjectGlobals: Warning: Failed to find object 'Class /Game/PuzzleBP/Tutorial/Part6-Controller.Part6-Controller_C'
[2019.11.18-18.21.46:024][  0]LogFileCache: Scanning file cache for directory 'C:/JamCat/JamCat/Content/' took 0.00s
[2019.11.18-18.21.46:024][  0]LogCook: Display: Max memory allowance for cook 16384mb min free memory 0mb
[2019.11.18-18.21.46:024][  0]LogCook: Display: Mobile HDR setting 1
[2019.11.18-18.21.47:462][  0]SourceControl: Source control is disabled
[2019.11.18-18.21.47:469][  0]Cmd: MAP LOAD FILE="C:/JamCat/JamCat/Content/L_Test1.umap" TEMPLATE=0 SHOWPROGRESS=1 FEATURELEVEL=3
[2019.11.18-18.21.47:470][  0]LightingResults: New page: Lighting Build
[2019.11.18-18.21.47:520][  0]LogWorld: UWorld::CleanupWorld for Untitled, bSessionEnded=true, bCleanupResources=true
[2019.11.18-18.21.47:564][  0]MapCheck: New page: Map Check
[2019.11.18-18.21.47:564][  0]LightingResults: New page: Lighting Build
[2019.11.18-18.21.47:726][  0]LogUObjectHash: Compacting FUObjectHashTables data took   1.28ms
[2019.11.18-18.21.48:128][  0]LogTexture: Display: Building textures: earth (AutoDXT, 500X500)
[2019.11.18-18.21.48:128][  0]LogTexture: Display: Building textures: rock (AutoDXT, 420X420)
[2019.11.18-18.21.48:128][  0]LogMaterial: Display: Missing cached shader map for material earth_Mat, compiling. 
[2019.11.18-18.21.48:197][  0]LogShaderCompilers: Display: Worker (1/13): shaders left to compile 20
[2019.11.18-18.21.48:197][  0]LogShaderCompilers: Display: Worker (2/13): shaders left to compile 18
[2019.11.18-18.21.48:197][  0]LogShaderCompilers: Display: Worker (3/13): shaders left to compile 16
[2019.11.18-18.21.48:197][  0]LogShaderCompilers: Display: Worker (4/13): shaders left to compile 14
[2019.11.18-18.21.48:197][  0]LogShaderCompilers: Display: Worker (5/13): shaders left to compile 12
[2019.11.18-18.21.48:197][  0]LogShaderCompilers: Display: Worker (6/13): shaders left to compile 10
[2019.11.18-18.21.48:197][  0]LogShaderCompilers: Display: Worker (7/13): shaders left to compile 8
[2019.11.18-18.21.48:197][  0]LogShaderCompilers: Display: Worker (8/13): shaders left to compile 6
[2019.11.18-18.21.48:197][  0]LogShaderCompilers: Display: Worker (9/13): shaders left to compile 4
[2019.11.18-18.21.48:197][  0]LogShaderCompilers: Display: Worker (10/13): shaders left to compile 2
[2019.11.18-18.21.48:197][  0]LogMaterial: Display: Missing cached shader map for material M_Cat, compiling. 
[2019.11.18-18.21.48:304][  0]LogAIModule: Creating AISystem for world L_Test1
[2019.11.18-18.21.48:565][  0]LogShaderCompilers: Display: Worker (11/13): shaders left to compile 20
[2019.11.18-18.21.48:566][  0]LogShaderCompilers: Display: Worker (12/13): shaders left to compile 18
[2019.11.18-18.21.48:566][  0]LogShaderCompilers: Display: Worker (13/13): shaders left to compile 16
[2019.11.18-18.21.48:663][  0]LogEditorServer: Finished looking for orphan Actors (0.000 secs)
[2019.11.18-18.21.48:721][  0]LogUObjectHash: Compacting FUObjectHashTables data took   1.51ms
[2019.11.18-18.21.48:721][  0]Cmd: MAP CHECKDEP NOCLEARLOG
[2019.11.18-18.21.48:727][  0]MapCheck: Map check complete: 0 Error(s), 0 Warning(s), took 5.419ms to complete.
[2019.11.18-18.21.48:727][  0]LogFileHelpers: Loading map 'L_Test1' took 1.259
[2019.11.18-18.21.49:689][  0]LogShaderCompilers: Display: Worker (12/13): shaders left to compile 14
[2019.11.18-18.21.49:689][  0]LogShaderCompilers: Display: Worker (2/13): shaders left to compile 12
[2019.11.18-18.21.49:689][  0]LogShaderCompilers: Display: Worker (6/13): shaders left to compile 11
[2019.11.18-18.21.49:689][  0]LogShaderCompilers: Display: Worker (4/13): shaders left to compile 10
[2019.11.18-18.21.49:689][  0]LogShaderCompilers: Display: Worker (10/13): shaders left to compile 9
[2019.11.18-18.21.49:689][  0]LogShaderCompilers: Display: Worker (5/13): shaders left to compile 8
[2019.11.18-18.21.49:689][  0]LogShaderCompilers: Display: Worker (1/13): shaders left to compile 7
[2019.11.18-18.21.49:689][  0]LogShaderCompilers: Display: Worker (11/13): shaders left to compile 6
[2019.11.18-18.21.49:689][  0]LogShaderCompilers: Display: Worker (13/13): shaders left to compile 5
[2019.11.18-18.21.49:689][  0]LogShaderCompilers: Display: Worker (3/13): shaders left to compile 4
[2019.11.18-18.21.49:689][  0]LogShaderCompilers: Display: Worker (4/13): shaders left to compile 3
[2019.11.18-18.21.49:689][  0]LogCollectionManager: Loaded 0 collections in 0.001229 seconds
[2019.11.18-18.21.49:757][  0]LogFileCache: Scanning file cache for directory 'C:/JamCat/JamCat/Saved/Collections/' took 0.00s
[2019.11.18-18.21.49:757][  0]LogFileCache: Scanning file cache for directory 'C:/JamCat/JamCat/Content/Developers/victorl/Collections/' took 0.00s
[2019.11.18-18.21.49:757][  0]LogFileCache: Scanning file cache for directory 'C:/JamCat/JamCat/Content/Collections/' took 0.00s
[2019.11.18-18.21.49:757][  0]LogShaderCompilers: Display: Worker (2/13): shaders left to compile 2
[2019.11.18-18.21.49:757][  0]LogCollectionManager: Rebuilt the GUID cache for 0 collections in 0.000003 seconds
[2019.11.18-18.21.49:769][  0]LogContentBrowser: Native class hierarchy populated in 0.0117 seconds. Added 2863 classes and 680 folders.
[2019.11.18-18.21.49:821][  0]LogShaderCompilers: Display: Worker (6/13): shaders left to compile 1
[2019.11.18-18.21.49:821][  0]LogContentBrowser: Native class hierarchy updated for 'WidgetCarousel' in 0.0004 seconds. Added 0 classes and 0 folders.
[2019.11.18-18.21.50:303][  0]LogContentBrowser: Native class hierarchy updated for 'AddContentDialog' in 0.0002 seconds. Added 0 classes and 0 folders.
[2019.11.18-18.21.50:386][  0]LogContentBrowser: Native class hierarchy updated for 'SceneOutliner' in 0.0002 seconds. Added 1 classes and 2 folders.
[2019.11.18-18.21.50:934][  0]LogSlate: Updating window title bar state: overlay mode, drag disabled, window buttons hidden, title bar hidden
[2019.11.18-18.21.50:950][  0]LogSlate: Updating window title bar state: overlay mode, drag disabled, window buttons hidden, title bar hidden
[2019.11.18-18.21.50:955][  0]LogSlate: Updating window title bar state: overlay mode, drag disabled, window buttons hidden, title bar hidden
[2019.11.18-18.21.50:959][  0]LogSlate: Updating window title bar state: overlay mode, drag disabled, window buttons hidden, title bar hidden
[2019.11.18-18.21.51:000][  0]LogSlate: Took 0.011756 seconds to synchronously load lazily loaded font '../../../Engine/Content/Slate/Fonts/Roboto-Regular.ttf' (155K)
[2019.11.18-18.21.51:022][  0]LogSlate: Took 0.010998 seconds to synchronously load lazily loaded font '../../../Engine/Content/Editor/Slate/Fonts/FontAwesome.ttf' (139K)
[2019.11.18-18.21.51:036][  0]LogSlate: Took 0.012908 seconds to synchronously load lazily loaded font '../../../Engine/Content/Slate/Fonts/Roboto-Bold.ttf' (160K)
[2019.11.18-18.21.51:081][  0]LogSlate: Took 0.012386 seconds to synchronously load lazily loaded font '../../../Engine/Content/Slate/Fonts/Roboto-Light.ttf' (167K)
[2019.11.18-18.21.51:255][  0]LogRenderer: Reallocating scene render targets to support 1916x1016 Format 10 NumSamples 1 (Frame:1).
[2019.11.18-18.21.51:492][  0]LogContentBrowser: Native class hierarchy updated for 'HierarchicalLODOutliner' in 0.0002 seconds. Added 0 classes and 0 folders.
[2019.11.18-18.21.51:492][  0]LogLoad: (Engine Initialization) Total time: 39.29 seconds
[2019.11.18-18.21.51:492][  0]LogLoad: (Engine Initialization) Total Blueprint compile time: 0.00 seconds
[2019.11.18-18.21.51:671][  0]LogAssetRegistry: Asset discovery search completed in 27.1010 seconds
[2019.11.18-18.21.51:673][  0]LogCollectionManager: Rebuilt the object cache for 0 collections in 0.000005 seconds (found 0 objects)
[2019.11.18-18.21.51:674][  0]LogCollectionManager: Fixed up redirectors for 0 collections in 0.000052 seconds (updated 0 objects)
[2019.11.18-18.21.51:702][  0]LogContentStreaming: Texture pool size now 1000 MB
[2019.11.18-18.21.51:808][  1]LogEditorViewport: Clicking on Actor (LMB): BP_Enemy_Circle_C (BP_Enemy_Circle2)
[2019.11.18-18.21.53:167][ 86]LogEditorViewport: Clicking on Actor (LMB): StaticMeshActor (CubeMesh)
[2019.11.18-18.21.54:827][263]LogSlate: FSceneViewport::OnFocusLost() reason 5
[2019.11.18-18.21.59:423][812]LogSlate: FSceneViewport::OnFocusLost() reason 2
[2019.11.18-18.22.00:784][932]LogBlueprintUserMessages: Early PlayInEditor Detection: Level '/Game/L_Test1.L_Test1:PersistentLevel' has LevelScriptBlueprint '/Game/L_Test1.L_Test1:PersistentLevel.L_Test1' with GeneratedClass '/Game/L_Test1.L_Test1_C' with ClassGeneratedBy '/Game/L_Test1.L_Test1:PersistentLevel.L_Test1'
[2019.11.18-18.22.01:406][932]LogPlayLevel: PlayLevel: No blueprints needed recompiling
[2019.11.18-18.22.01:458][932]PIE: New page: SIE session: L_Test1 (Nov 18, 2019, 2:22:01 AM)
[2019.11.18-18.22.01:707][932]LogOnline: OSS: Creating online subsystem instance for: NULL
[2019.11.18-18.22.02:061][932]LogPlayLevel: Creating play world package: /Game/UEDPIE_0_L_Test1
[2019.11.18-18.22.02:063][932]LogPlayLevel: PIE: StaticDuplicateObject took: (0.001984s)
[2019.11.18-18.22.02:064][932]LogAIModule: Creating AISystem for world L_Test1
[2019.11.18-18.22.02:064][932]LogPlayLevel: PIE: World Init took: (0.000681s)
[2019.11.18-18.22.02:064][932]LogPlayLevel: PIE: Created PIE world by copying editor world from /Game/L_Test1.L_Test1 to /Game/UEDPIE_0_L_Test1.L_Test1 (0.002885s)
[2019.11.18-18.22.02:089][932]LogUObjectHash: Compacting FUObjectHashTables data took   1.08ms
[2019.11.18-18.22.02:891][932]LogInit: XAudio2 using 'Digital Audio (S/PDIF) (High Definition Audio Device)' : 2 channels at 48 kHz using 16 bits per sample (channel mask 0x3)
[2019.11.18-18.22.02:902][932]LogInit: FAudioDevice initialized.
[2019.11.18-18.22.02:902][932]LogSlate: FSceneViewport::OnFocusLost() reason 2
[2019.11.18-18.22.02:938][932]LogLoad: Game class is 'MI_GameInfo_C'
[2019.11.18-18.22.02:986][932]LogWorld: Bringing World /Game/UEDPIE_0_L_Test1.L_Test1 up for play (max tick rate 0) at 2019.11.18-10.22.02
[2019.11.18-18.22.03:778][932]LogWorld: Bringing up level for play took: 0.793126
[2019.11.18-18.22.03:779][932]LogOnline: OSS: Creating online subsystem instance for: :Context_7
[2019.11.18-18.22.04:215][932]LogGameMode: FindPlayerStart: PATHS NOT DEFINED or NO PLAYERSTART with positive rating
[2019.11.18-18.22.05:980][932]LogContentBrowser: Native class hierarchy updated for 'MovieSceneCapture' in 0.0002 seconds. Added 20 classes and 0 folders.
[2019.11.18-18.22.05:980][932]LogGameMode: Display: Match State Changed from EnteringMap to WaitingToStart
[2019.11.18-18.22.05:980][932]LogGameState: Match State Changed from EnteringMap to WaitingToStart
[2019.11.18-18.22.05:981][932]PIE: Play in editor start time for /Game/UEDPIE_0_L_Test1 4.316
[2019.11.18-18.22.07:051][932]LogBlueprintUserMessages: Late PlayInEditor Detection: Level '/Game/L_Test1.L_Test1:PersistentLevel' has LevelScriptBlueprint '/Game/L_Test1.L_Test1:PersistentLevel.L_Test1' with GeneratedClass '/Game/L_Test1.L_Test1_C' with ClassGeneratedBy '/Game/L_Test1.L_Test1:PersistentLevel.L_Test1'
[2019.11.18-18.22.24:228][178]LogEditorViewport: Clicking on Actor (LMB): StaticMeshActor (CubeMesh)
[2019.11.18-18.22.30:822][954]LogSlate: FSceneViewport::OnFocusLost() reason 0
[2019.11.18-18.22.30:921][966]LogBlueprintUserMessages: Early EndPlayMap Detection: Level '/Game/L_Test1.L_Test1:PersistentLevel' has LevelScriptBlueprint '/Game/L_Test1.L_Test1:PersistentLevel.L_Test1' with GeneratedClass '/Game/L_Test1.L_Test1_C' with ClassGeneratedBy '/Game/L_Test1.L_Test1:PersistentLevel.L_Test1'
[2019.11.18-18.22.30:945][966]LogSlate: Updating window title bar state: overlay mode, drag disabled, window buttons hidden, title bar hidden
[2019.11.18-18.22.30:945][966]LogWorld: BeginTearingDown for /Game/UEDPIE_0_L_Test1
[2019.11.18-18.22.30:950][966]LogWorld: UWorld::CleanupWorld for L_Test1, bSessionEnded=true, bCleanupResources=true
[2019.11.18-18.22.30:968][966]LogPlayLevel: Display: Shutting down PIE online subsystems
[2019.11.18-18.22.30:968][966]LogBlueprintUserMessages: Late EndPlayMap Detection: Level '/Game/L_Test1.L_Test1:PersistentLevel' has LevelScriptBlueprint '/Game/L_Test1.L_Test1:PersistentLevel.L_Test1' with GeneratedClass '/Game/L_Test1.L_Test1_C' with ClassGeneratedBy '/Game/L_Test1.L_Test1:PersistentLevel.L_Test1'
[2019.11.18-18.22.31:021][966]LogSlate: Updating window title bar state: overlay mode, drag disabled, window buttons hidden, title bar hidden
[2019.11.18-18.22.31:034][966]LogUObjectHash: Compacting FUObjectHashTables data took   1.26ms
[2019.11.18-18.22.31:045][967]LogPlayLevel: Display: Destroying online subsystem :Context_7
[2019.11.18-18.22.41:116][170]LogUObjectHash: Compacting FUObjectHashTables data took   0.47ms
[2019.11.18-18.23.06:197][901]LogBlueprintUserMessages: Early PlayInEditor Detection: Level '/Game/L_Test1.L_Test1:PersistentLevel' has LevelScriptBlueprint '/Game/L_Test1.L_Test1:PersistentLevel.L_Test1' with GeneratedClass '/Game/L_Test1.L_Test1_C' with ClassGeneratedBy '/Game/L_Test1.L_Test1:PersistentLevel.L_Test1'
[2019.11.18-18.23.06:197][901]LogPlayLevel: PlayLevel: No blueprints needed recompiling
[2019.11.18-18.23.06:198][901]PIE: New page: PIE session: L_Test1 (Nov 18, 2019, 2:23:06 AM)
[2019.11.18-18.23.06:198][901]LogPlayLevel: Creating play world package: /Game/UEDPIE_0_L_Test1
[2019.11.18-18.23.06:202][901]LogPlayLevel: PIE: StaticDuplicateObject took: (0.004451s)
[2019.11.18-18.23.06:204][901]LogAIModule: Creating AISystem for world L_Test1
[2019.11.18-18.23.06:204][901]LogPlayLevel: PIE: World Init took: (0.001729s)
[2019.11.18-18.23.06:204][901]LogPlayLevel: PIE: Created PIE world by copying editor world from /Game/L_Test1.L_Test1 to /Game/UEDPIE_0_L_Test1.L_Test1 (0.006554s)
[2019.11.18-18.23.06:233][901]LogUObjectHash: Compacting FUObjectHashTables data took   2.68ms
[2019.11.18-18.23.06:247][901]LogInit: XAudio2 using 'Digital Audio (S/PDIF) (High Definition Audio Device)' : 2 channels at 48 kHz using 16 bits per sample (channel mask 0x3)
[2019.11.18-18.23.06:265][901]LogInit: FAudioDevice initialized.
[2019.11.18-18.23.06:283][901]LogLoad: Game class is 'MI_GameInfo_C'
[2019.11.18-18.23.06:285][901]LogWorld: Bringing World /Game/UEDPIE_0_L_Test1.L_Test1 up for play (max tick rate 0) at 2019.11.18-10.23.06
[2019.11.18-18.23.06:286][901]LogWorld: Bringing up level for play took: 0.001717
[2019.11.18-18.23.06:286][901]LogOnline: OSS: Creating online subsystem instance for: :Context_8
[2019.11.18-18.23.06:289][901]LogGameMode: Display: Match State Changed from EnteringMap to WaitingToStart
[2019.11.18-18.23.06:289][901]LogGameState: Match State Changed from EnteringMap to WaitingToStart
[2019.11.18-18.23.06:289][901]LogGameMode: Display: Match State Changed from WaitingToStart to InProgress
[2019.11.18-18.23.06:296][901]LogGameState: Match State Changed from WaitingToStart to InProgress
[2019.11.18-18.23.06:297][901]PIE: Play in editor start time for /Game/UEDPIE_0_L_Test1 0.632
[2019.11.18-18.23.06:297][901]LogBlueprintUserMessages: Late PlayInEditor Detection: Level '/Game/L_Test1.L_Test1:PersistentLevel' has LevelScriptBlueprint '/Game/L_Test1.L_Test1:PersistentLevel.L_Test1' with GeneratedClass '/Game/L_Test1.L_Test1_C' with ClassGeneratedBy '/Game/L_Test1.L_Test1:PersistentLevel.L_Test1'
[2019.11.18-18.27.20:916][435]LogBlueprintUserMessages: Early EndPlayMap Detection: Level '/Game/L_Test1.L_Test1:PersistentLevel' has LevelScriptBlueprint '/Game/L_Test1.L_Test1:PersistentLevel.L_Test1' with GeneratedClass '/Game/L_Test1.L_Test1_C' with ClassGeneratedBy '/Game/L_Test1.L_Test1:PersistentLevel.L_Test1'
[2019.11.18-18.27.20:916][435]LogSlate: Updating window title bar state: overlay mode, drag disabled, window buttons hidden, title bar hidden
[2019.11.18-18.27.20:916][435]LogWorld: BeginTearingDown for /Game/UEDPIE_0_L_Test1
[2019.11.18-18.27.20:916][435]LogWorld: UWorld::CleanupWorld for L_Test1, bSessionEnded=true, bCleanupResources=true
[2019.11.18-18.27.20:921][435]LogPlayLevel: Display: Shutting down PIE online subsystems
[2019.11.18-18.27.20:921][435]LogBlueprintUserMessages: Late EndPlayMap Detection: Level '/Game/L_Test1.L_Test1:PersistentLevel' has LevelScriptBlueprint '/Game/L_Test1.L_Test1:PersistentLevel.L_Test1' with GeneratedClass '/Game/L_Test1.L_Test1_C' with ClassGeneratedBy '/Game/L_Test1.L_Test1:PersistentLevel.L_Test1'
[2019.11.18-18.27.20:948][435]LogSlate: Updating window title bar state: overlay mode, drag disabled, window buttons hidden, title bar hidden
[2019.11.18-18.27.20:950][435]LogUObjectHash: Compacting FUObjectHashTables data took   1.37ms
[2019.11.18-18.27.21:021][443]LogPlayLevel: Display: Destroying online subsystem :Context_8
[2019.11.18-18.27.59:527][ 63]LogSlate: FSceneViewport::OnFocusLost() reason 0
[2019.11.18-18.27.59:623][ 72]LogUObjectHash: Compacting FUObjectHashTables data took   0.46ms
[2019.11.18-18.27.59:689][ 72]LogSlate: Window 'Viewport 1' being destroyed
[2019.11.18-18.27.59:747][ 72]LogSlate: Window 'JamCat - Unreal Editor' being destroyed
[2019.11.18-18.27.59:747][ 72]LogWindowsTextInputMethodSystem: Display: IME system now deactivated.
[2019.11.18-18.27.59:805][ 73]Cmd: QUIT_EDITOR
[2019.11.18-18.28.00:432][ 73]LogExit: Preparing to exit.
[2019.11.18-18.28.01:071][ 73]LogWorld: UWorld::CleanupWorld for World_1, bSessionEnded=true, bCleanupResources=true
[2019.11.18-18.28.01:071][ 73]LogWorld: UWorld::CleanupWorld for World_2, bSessionEnded=true, bCleanupResources=true
[2019.11.18-18.28.01:071][ 73]LogWorld: UWorld::CleanupWorld for World_3, bSessionEnded=true, bCleanupResources=true
[2019.11.18-18.28.01:071][ 73]LogWorld: UWorld::CleanupWorld for World_4, bSessionEnded=true, bCleanupResources=true
[2019.11.18-18.28.01:071][ 73]LogWorld: UWorld::CleanupWorld for World_0, bSessionEnded=true, bCleanupResources=true
[2019.11.18-18.28.01:071][ 73]LogWorld: UWorld::CleanupWorld for World_5, bSessionEnded=true, bCleanupResources=true
[2019.11.18-18.28.01:095][ 73]LogDemo: Cleaned up 0 splitscreen connections with owner deletion
[2019.11.18-18.28.01:127][ 73]LogWorld: UWorld::CleanupWorld for None, bSessionEnded=true, bCleanupResources=true
[2019.11.18-18.28.01:127][ 73]LogExit: Editor shut down
[2019.11.18-18.28.01:128][ 73]LogExit: Transaction tracking system shut down
[2019.11.18-18.28.01:631][ 73]LogExit: Object subsystem successfully closed.
[2019.11.18-18.28.01:685][ 73]LogShaderCompilers: Display: Shaders left to compile 0
[2019.11.18-18.28.01:918][ 73]LogModuleManager: Shutting down and abandoning module MovieSceneCapture (672)
[2019.11.18-18.28.01:918][ 73]LogModuleManager: Shutting down and abandoning module Voice (670)
[2019.11.18-18.28.01:918][ 73]LogModuleManager: Shutting down and abandoning module HierarchicalLODOutliner (668)
[2019.11.18-18.28.01:918][ 73]LogModuleManager: Shutting down and abandoning module SceneOutliner (666)
[2019.11.18-18.28.01:918][ 73]LogModuleManager: Shutting down and abandoning module AddContentDialog (664)
[2019.11.18-18.28.01:923][ 73]LogModuleManager: Shutting down and abandoning module WidgetCarousel (663)
[2019.11.18-18.28.01:923][ 73]LogModuleManager: Shutting down and abandoning module EditorWidgets (660)
[2019.11.18-18.28.01:923][ 73]LogModuleManager: Shutting down and abandoning module CollectionManager (658)
[2019.11.18-18.28.01:923][ 73]LogModuleManager: Shutting down and abandoning module StatsViewer (656)
[2019.11.18-18.28.01:923][ 73]LogModuleManager: Shutting down and abandoning module VirtualTexturingEditor (654)
[2019.11.18-18.28.01:923][ 73]LogModuleManager: Shutting down and abandoning module FoliageEdit (652)
[2019.11.18-18.28.01:923][ 73]LogModuleManager: Shutting down and abandoning module LandscapeEditor (650)
[2019.11.18-18.28.01:946][ 73]LogModuleManager: Shutting down and abandoning module MeshPaintMode (648)
[2019.11.18-18.28.01:946][ 73]LogModuleManager: Shutting down and abandoning module SceneDepthPickerMode (646)
[2019.11.18-18.28.01:946][ 73]LogModuleManager: Shutting down and abandoning module ActorPickerMode (644)
[2019.11.18-18.28.01:946][ 73]LogModuleManager: Shutting down and abandoning module GeometryMode (642)
[2019.11.18-18.28.01:946][ 73]LogModuleManager: Shutting down and abandoning module TextureAlignMode (640)
[2019.11.18-18.28.01:946][ 73]LogModuleManager: Shutting down and abandoning module BspMode (638)
[2019.11.18-18.28.01:946][ 73]LogModuleManager: Shutting down and abandoning module PIEPreviewDeviceProfileSelector (636)
[2019.11.18-18.28.01:946][ 73]LogModuleManager: Shutting down and abandoning module SequenceRecorderSections (634)
[2019.11.18-18.28.01:946][ 73]LogModuleManager: Shutting down and abandoning module AutomationWorker (632)
[2019.11.18-18.28.01:946][ 73]LogModuleManager: Shutting down and abandoning module OculusMR (630)
[2019.11.18-18.28.01:946][ 73]LogModuleManager: Shutting down and abandoning module AudioCaptureEditor (628)
[2019.11.18-18.28.01:946][ 73]LogModuleManager: Shutting down and abandoning module MatineeToLevelSequence (626)
[2019.11.18-18.28.01:946][ 73]LogModuleManager: Shutting down and abandoning module LevelSequenceEditor (624)
[2019.11.18-18.28.01:965][ 73]LogModuleManager: Shutting down and abandoning module PlacementMode (623)
[2019.11.18-18.28.01:965][ 73]LogModuleManager: Shutting down and abandoning module MaterialEditor (622)
[2019.11.18-18.28.01:976][ 73]LogModuleManager: Shutting down and abandoning module ActorSequenceEditor (618)
[2019.11.18-18.28.01:987][ 73]LogModuleManager: Shutting down and abandoning module WmfMediaFactory (616)
[2019.11.18-18.28.01:987][ 73]LogModuleManager: Shutting down and abandoning module WmfMediaEditor (614)
[2019.11.18-18.28.01:987][ 73]LogModuleManager: Shutting down and abandoning module WebMMediaFactory (612)
[2019.11.18-18.28.01:987][ 73]LogModuleManager: Shutting down and abandoning module WebMMediaEditor (610)
[2019.11.18-18.28.01:987][ 73]LogModuleManager: Shutting down and abandoning module WebMMedia (608)
[2019.11.18-18.28.01:987][ 73]LogModuleManager: Shutting down and abandoning module MediaPlayerEditor (606)
[2019.11.18-18.28.01:992][ 73]LogModuleManager: Shutting down and abandoning module MediaCompositingEditor (604)
[2019.11.18-18.28.02:000][ 73]LogModuleManager: Shutting down and abandoning module SequenceRecorder (603)
[2019.11.18-18.28.02:000][ 73]LogModuleManager: Shutting down and abandoning module OpenExrWrapper (600)
[2019.11.18-18.28.02:000][ 73]LogModuleManager: Shutting down and abandoning module ImgMediaFactory (598)
[2019.11.18-18.28.02:000][ 73]LogModuleManager: Shutting down and abandoning module ImgMediaEditor (596)
[2019.11.18-18.28.02:000][ 73]LogModuleManager: Shutting down and abandoning module AvfMediaFactory (594)
[2019.11.18-18.28.02:000][ 73]LogModuleManager: Shutting down and abandoning module AvfMediaEditor (592)
[2019.11.18-18.28.02:000][ 73]LogModuleManager: Shutting down and abandoning module AndroidMediaFactory (590)
[2019.11.18-18.28.02:000][ 73]LogModuleManager: Shutting down and abandoning module AndroidMediaEditor (588)
[2019.11.18-18.28.02:000][ 73]LogModuleManager: Shutting down and abandoning module MagicLeapCameraPreviewFactory (586)
[2019.11.18-18.28.02:000][ 73]LogModuleManager: Shutting down and abandoning module MagicLeapMediaCodecFactory (584)
[2019.11.18-18.28.02:000][ 73]LogModuleManager: Shutting down and abandoning module MagicLeapMediaFactory (582)
[2019.11.18-18.28.02:000][ 73]LogModuleManager: Shutting down and abandoning module MagicLeapMediaEditor (580)
[2019.11.18-18.28.02:000][ 73]LogModuleManager: Shutting down and abandoning module CharacterAI (578)
[2019.11.18-18.28.02:000][ 73]LogModuleManager: Shutting down and abandoning module SmartSnapping (576)
[2019.11.18-18.28.02:000][ 73]LogModuleManager: Shutting down and abandoning module SessionServices (574)
[2019.11.18-18.28.02:000][ 73]LogModuleManager: Shutting down and abandoning module MeshPaint (572)
[2019.11.18-18.28.02:000][ 73]LogModuleManager: Shutting down and abandoning module ViewportSnapping (570)
[2019.11.18-18.28.02:000][ 73]LogModuleManager: Shutting down and abandoning module ViewportInteraction (568)
[2019.11.18-18.28.02:000][ 73]LogModuleManager: Shutting down and abandoning module ClothPainter (566)
[2019.11.18-18.28.02:009][ 73]LogModuleManager: Shutting down and abandoning module SkeletalMeshEditor (565)
[2019.11.18-18.28.02:034][ 73]LogModuleManager: Shutting down and abandoning module LogVisualizer (562)
[2019.11.18-18.28.02:041][ 73]LogModuleManager: Shutting down and abandoning module IntroTutorials (560)
[2019.11.18-18.28.02:041][ 73]LogModuleManager: Shutting down and abandoning module GameProjectGeneration (559)
[2019.11.18-18.28.02:047][ 73]LogModuleManager: Shutting down and abandoning module LuminPlatformEditor (556)
[2019.11.18-18.28.02:047][ 73]LogModuleManager: Shutting down and abandoning module IOSPlatformEditor (554)
[2019.11.18-18.28.02:047][ 73]LogModuleManager: Shutting down and abandoning module HTML5PlatformEditor (552)
[2019.11.18-18.28.02:047][ 73]LogModuleManager: Shutting down and abandoning module AndroidPlatformEditor (550)
[2019.11.18-18.28.02:047][ 73]LogModuleManager: Shutting down and abandoning module AndroidDeviceDetection (549)
[2019.11.18-18.28.02:530][ 73]LogModuleManager: Shutting down and abandoning module WindowsPlatformEditor (546)
[2019.11.18-18.28.02:530][ 73]LogModuleManager: Shutting down and abandoning module LuminRuntimeSettings (544)
[2019.11.18-18.28.02:530][ 73]LogModuleManager: Shutting down and abandoning module IOSRuntimeSettings (542)
[2019.11.18-18.28.02:530][ 73]LogModuleManager: Shutting down and abandoning module AndroidRuntimeSettings (540)
[2019.11.18-18.28.02:530][ 73]LogModuleManager: Shutting down and abandoning module TimeManagementEditor (538)
[2019.11.18-18.28.02:530][ 73]LogModuleManager: Shutting down and abandoning module InputBindingEditor (536)
[2019.11.18-18.28.02:530][ 73]LogModuleManager: Shutting down and abandoning module MergeActors (534)
[2019.11.18-18.28.02:536][ 73]LogModuleManager: Shutting down and abandoning module LocalizationDashboard (532)
[2019.11.18-18.28.02:536][ 73]LogModuleManager: Shutting down and abandoning module LocalizationService (531)
[2019.11.18-18.28.02:540][ 73]LogModuleManager: Shutting down and abandoning module HardwareTargeting (528)
[2019.11.18-18.28.02:540][ 73]LogModuleManager: Shutting down and abandoning module DeviceProfileEditor (526)
[2019.11.18-18.28.02:540][ 73]LogModuleManager: Shutting down and abandoning module UndoHistory (524)
[2019.11.18-18.28.02:540][ 73]LogModuleManager: Shutting down and abandoning module XmlParser (522)
[2019.11.18-18.28.02:540][ 73]LogModuleManager: Shutting down and abandoning module Blutility (520)
[2019.11.18-18.28.02:540][ 73]LogModuleManager: Shutting down and abandoning module ProjectSettingsViewer (518)
[2019.11.18-18.28.02:540][ 73]LogModuleManager: Shutting down and abandoning module ProjectTargetPlatformEditor (517)
[2019.11.18-18.28.02:541][ 73]LogModuleManager: Shutting down and abandoning module EditorSettingsViewer (514)
[2019.11.18-18.28.02:541][ 73]LogModuleManager: Shutting down and abandoning module SettingsEditor (512)
[2019.11.18-18.28.02:541][ 73]LogModuleManager: Shutting down and abandoning module ProjectLauncher (510)
[2019.11.18-18.28.02:547][ 73]LogModuleManager: Shutting down and abandoning module SessionFrontend (508)
[2019.11.18-18.28.02:547][ 73]LogModuleManager: Shutting down and abandoning module ProfilerClient (506)
[2019.11.18-18.28.02:549][ 73]LogModuleManager: Shutting down and abandoning module DeviceManager (504)
[2019.11.18-18.28.02:549][ 73]LogModuleManager: Shutting down and abandoning module TargetDeviceServices (503)
[2019.11.18-18.28.02:596][ 73]LogModuleManager: Shutting down and abandoning module AutomationController (500)
[2019.11.18-18.28.02:596][ 73]LogModuleManager: Shutting down and abandoning module AutomationWindow (498)
[2019.11.18-18.28.02:614][ 73]LogModuleManager: Shutting down and abandoning module Layers (496)
[2019.11.18-18.28.02:645][ 73]LogModuleManager: Shutting down and abandoning module ComponentVisualizers (494)
[2019.11.18-18.28.02:645][ 73]LogModuleManager: Shutting down and abandoning module DetailCustomizations (492)
[2019.11.18-18.28.02:645][ 73]LogModuleManager: Shutting down and abandoning module PackagesDialog (490)
[2019.11.18-18.28.02:662][ 73]LogModuleManager: Shutting down and abandoning module AnimationBlueprintEditor (488)
[2019.11.18-18.28.02:691][ 73]LogModuleManager: Shutting down and abandoning module Persona (486)
[2019.11.18-18.28.02:697][ 73]LogModuleManager: Shutting down and abandoning module AdvancedPreviewScene (485)
[2019.11.18-18.28.02:697][ 73]LogModuleManager: Shutting down and abandoning module AnimGraph (483)
[2019.11.18-18.28.02:697][ 73]LogModuleManager: Shutting down and abandoning module Kismet (480)
[2019.11.18-18.28.02:702][ 73]LogModuleManager: Shutting down and abandoning module KismetWidgets (479)
[2019.11.18-18.28.02:710][ 73]LogModuleManager: Shutting down and abandoning module GraphEditor (476)
[2019.11.18-18.28.02:742][ 73]LogModuleManager: Shutting down and abandoning module StructViewer (474)
[2019.11.18-18.28.02:742][ 73]LogModuleManager: Shutting down and abandoning module ClassViewer (472)
[2019.11.18-18.28.02:742][ 73]LogModuleManager: Shutting down and abandoning module Toolbox (470)
[2019.11.18-18.28.02:742][ 73]LogModuleManager: Shutting down and abandoning module ModuleUI (468)
[2019.11.18-18.28.02:745][ 73]LogModuleManager: Shutting down and abandoning module MovieSceneTools (466)
[2019.11.18-18.28.02:756][ 73]LogModuleManager: Shutting down and abandoning module OutputLog (464)
[2019.11.18-18.28.02:756][ 73]LogModuleManager: Shutting down and abandoning module GammaUI (462)
[2019.11.18-18.28.02:762][ 73]LogModuleManager: Shutting down and abandoning module Documentation (460)
[2019.11.18-18.28.02:762][ 73]LogModuleManager: Shutting down and abandoning module LiveCoding (458)
[2019.11.18-18.28.02:763][ 73]LogModuleManager: Shutting down and abandoning module LevelSequence (456)
[2019.11.18-18.28.02:763][ 73]LogModuleManager: Shutting down and abandoning module MovieSceneTracks (454)
[2019.11.18-18.28.02:763][ 73]LogModuleManager: Shutting down and abandoning module MovieScene (452)
[2019.11.18-18.28.02:763][ 73]LogModuleManager: Shutting down and abandoning module StreamingPauseRendering (450)
[2019.11.18-18.28.02:763][ 73]LogModuleManager: Shutting down and abandoning module LauncherPlatform (448)
[2019.11.18-18.28.02:763][ 73]LogModuleManager: Shutting down and abandoning module AnalyticsET (446)
[2019.11.18-18.28.02:763][ 73]LogModuleManager: Shutting down and abandoning module PortalServices (444)
[2019.11.18-18.28.02:763][ 73]LogModuleManager: Shutting down and abandoning module PortalRpc (442)
[2019.11.18-18.28.02:763][ 73]LogModuleManager: Shutting down and abandoning module MessagingRpc (440)
[2019.11.18-18.28.02:763][ 73]LogModuleManager: Shutting down and abandoning module AIModule (438)
[2019.11.18-18.28.02:764][ 73]LogModuleManager: Shutting down and abandoning module GameplayDebugger (437)
[2019.11.18-18.28.02:764][ 73]LogModuleManager: Shutting down and abandoning module AITestSuite (435)
[2019.11.18-18.28.02:764][ 73]LogModuleManager: Shutting down and abandoning module NavigationSystem (433)
[2019.11.18-18.28.02:764][ 73]LogModuleManager: Shutting down and abandoning module DesktopPlatform (430)
[2019.11.18-18.28.02:764][ 73]LogModuleManager: Shutting down and abandoning module ImageWriteQueue (428)
[2019.11.18-18.28.02:774][ 73]LogModuleManager: Shutting down and abandoning module ProfilerService (426)
[2019.11.18-18.28.03:002][ 73]LogModuleManager: Shutting down and abandoning module TaskGraph (424)
[2019.11.18-18.28.03:010][ 73]LogModuleManager: Shutting down and abandoning module ScreenshotTools (422)
[2019.11.18-18.28.03:010][ 73]LogModuleManager: Shutting down and abandoning module SteamVRController (420)
[2019.11.18-18.28.03:010][ 73]LogModuleManager: Shutting down and abandoning module ProceduralMeshComponentEditor (418)
[2019.11.18-18.28.03:010][ 73]LogModuleManager: Shutting down and abandoning module ProceduralMeshComponent (416)
[2019.11.18-18.28.03:010][ 73]LogModuleManager: Shutting down and abandoning module OculusEditor (414)
[2019.11.18-18.28.03:010][ 73]LogModuleManager: Shutting down and abandoning module OculusInput (412)
[2019.11.18-18.28.03:010][ 73]LogModuleManager: Shutting down and abandoning module MobilePatchingUtils (410)
[2019.11.18-18.28.03:010][ 73]LogModuleManager: Shutting down and abandoning module EditableMesh (408)
[2019.11.18-18.28.03:011][ 73]LogModuleManager: Shutting down and abandoning module CustomMeshComponent (406)
[2019.11.18-18.28.03:011][ 73]LogModuleManager: Shutting down and abandoning module CableComponent (404)
[2019.11.18-18.28.03:011][ 73]LogModuleManager: Shutting down and abandoning module AudioCapture (402)
[2019.11.18-18.28.03:011][ 73]LogModuleManager: Shutting down and abandoning module ArchVisCharacter (400)
[2019.11.18-18.28.03:011][ 73]LogModuleManager: Shutting down and abandoning module AppleImageUtilsBlueprintSupport (398)
[2019.11.18-18.28.03:011][ 73]LogModuleManager: Shutting down and abandoning module AppleImageUtils (396)
[2019.11.18-18.28.03:011][ 73]LogModuleManager: Shutting down and abandoning module AndroidPermission (394)
[2019.11.18-18.28.03:011][ 73]LogModuleManager: Shutting down and abandoning module NUTUnrealEngine4 (392)
[2019.11.18-18.28.03:011][ 73]LogModuleManager: Shutting down and abandoning module NetcodeUnitTest (390)
[2019.11.18-18.28.03:011][ 73]LogModuleManager: Shutting down and abandoning module MediaCompositing (388)
[2019.11.18-18.28.03:011][ 73]LogModuleManager: Shutting down and abandoning module ImgMedia (386)
[2019.11.18-18.28.03:011][ 73]LogModuleManager: Shutting down and abandoning module MagicLeapHelperVulkan (384)
[2019.11.18-18.28.03:011][ 73]LogModuleManager: Shutting down and abandoning module MagicLeapHelperOpenGL (382)
[2019.11.18-18.28.03:011][ 73]LogModuleManager: Shutting down and abandoning module MagicLeapAudio (380)
[2019.11.18-18.28.03:011][ 73]LogModuleManager: Shutting down and abandoning module HTML5Networking (378)
[2019.11.18-18.28.03:011][ 73]LogModuleManager: Shutting down and abandoning module GeometryCacheTracks (376)
[2019.11.18-18.28.03:011][ 73]LogModuleManager: Shutting down and abandoning module GeometryCacheSequencer (374)
[2019.11.18-18.28.03:011][ 73]LogModuleManager: Shutting down and abandoning module BackChannel (372)
[2019.11.18-18.28.03:011][ 73]LogModuleManager: Shutting down and abandoning module AutomationUtilsEditor (370)
[2019.11.18-18.28.03:011][ 73]LogModuleManager: Shutting down and abandoning module AutomationUtils (368)
[2019.11.18-18.28.03:011][ 73]LogModuleManager: Shutting down and abandoning module AlembicImporter (366)
[2019.11.18-18.28.03:018][ 73]LogModuleManager: Shutting down and abandoning module AlembicLibrary (365)
[2019.11.18-18.28.03:018][ 73]LogModuleManager: Shutting down and abandoning module GeometryCache (364)
[2019.11.18-18.28.03:018][ 73]LogModuleManager: Shutting down and abandoning module GeometryCacheEd (363)
[2019.11.18-18.28.03:018][ 73]LogModuleManager: Shutting down and abandoning module VariantManagerContent (358)
[2019.11.18-18.28.03:018][ 73]LogModuleManager: Shutting down and abandoning module DatasmithContentEditor (356)
[2019.11.18-18.28.03:018][ 73]LogModuleManager: Shutting down and abandoning module SpeedTreeImporter (354)
[2019.11.18-18.28.03:018][ 73]LogModuleManager: Shutting down and abandoning module PluginBrowser (352)
[2019.11.18-18.28.03:018][ 73]LogModuleManager: Shutting down and abandoning module MobileLauncherProfileWizard (350)
[2019.11.18-18.28.03:027][ 73]LogModuleManager: Shutting down and abandoning module MaterialAnalyzer (348)
[2019.11.18-18.28.03:027][ 73]LogModuleManager: Shutting down and abandoning module CurveEditorTools (346)
[2019.11.18-18.28.03:028][ 73]LogModuleManager: Shutting down and abandoning module CurveEditor (345)
[2019.11.18-18.28.03:030][ 73]LogModuleManager: Shutting down and abandoning module CryptoKeysOpenSSL (342)
[2019.11.18-18.28.03:030][ 73]LogModuleManager: Shutting down and abandoning module CryptoKeys (340)
[2019.11.18-18.28.03:030][ 73]LogModuleManager: Shutting down and abandoning module VisualStudioSourceCodeAccess (338)
[2019.11.18-18.28.03:030][ 73]LogModuleManager: Shutting down and abandoning module VisualStudioCodeSourceCodeAccess (336)
[2019.11.18-18.28.03:030][ 73]LogModuleManager: Shutting down and abandoning module UObjectPlugin (334)
[2019.11.18-18.28.03:030][ 73]LogModuleManager: Shutting down and abandoning module SubversionSourceControl (332)
[2019.11.18-18.28.03:030][ 73]LogModuleManager: Shutting down and abandoning module PerforceSourceControl (330)
[2019.11.18-18.28.03:034][ 73]LogModuleManager: Shutting down and abandoning module GitSourceControl (328)
[2019.11.18-18.28.03:038][ 73]LogModuleManager: Shutting down and abandoning module SourceControl (327)
[2019.11.18-18.28.03:038][ 73]LogModuleManager: Shutting down and abandoning module CLionSourceCodeAccess (324)
[2019.11.18-18.28.03:038][ 73]LogModuleManager: Shutting down and abandoning module AnimationSharingEd (322)
[2019.11.18-18.28.03:038][ 73]LogModuleManager: Shutting down and abandoning module ActorLayerUtilitiesEditor (320)
[2019.11.18-18.28.03:038][ 73]LogModuleManager: Shutting down and abandoning module ActorLayerUtilities (318)
[2019.11.18-18.28.03:038][ 73]LogModuleManager: Shutting down and abandoning module LightPropagationVolumeEditor (316)
[2019.11.18-18.28.03:038][ 73]LogModuleManager: Shutting down and abandoning module PaperTiledImporter (314)
[2019.11.18-18.28.03:038][ 73]LogModuleManager: Shutting down and abandoning module PaperSpriteSheetImporter (312)
[2019.11.18-18.28.03:038][ 73]LogModuleManager: Shutting down and abandoning module Paper2DEditor (310)
[2019.11.18-18.28.03:051][ 73]LogModuleManager: Shutting down and abandoning module SignificanceManager (308)
[2019.11.18-18.28.03:051][ 73]LogModuleManager: Shutting down and abandoning module RuntimePhysXCooking (306)
[2019.11.18-18.28.03:051][ 73]LogModuleManager: Shutting down and abandoning module PhysXVehiclesEditor (304)
[2019.11.18-18.28.03:051][ 73]LogModuleManager: Shutting down and abandoning module LocationServicesBPLibrary (300)
[2019.11.18-18.28.03:051][ 73]LogModuleManager: Shutting down and abandoning module ActorSequence (298)
[2019.11.18-18.28.03:051][ 73]LogModuleManager: Shutting down and abandoning module UdpMessaging (296)
[2019.11.18-18.28.03:152][ 73]LogModuleManager: Shutting down and abandoning module TcpMessaging (294)
[2019.11.18-18.28.03:252][ 73]LogModuleManager: Shutting down and abandoning module MagicLeapIdentity (292)
[2019.11.18-18.28.03:252][ 73]LogModuleManager: Shutting down and abandoning module MagicLeapSecureStorage (290)
[2019.11.18-18.28.03:252][ 73]LogModuleManager: Shutting down and abandoning module MagicLeapHandTracking (288)
[2019.11.18-18.28.03:252][ 73]LogModuleManager: Shutting down and abandoning module MagicLeapEyeTracker (286)
[2019.11.18-18.28.03:252][ 73]LogModuleManager: Shutting down and abandoning module MagicLeapController (284)
[2019.11.18-18.28.03:252][ 73]LogSlate: Slate User Destroyed.  User Index 0, Is Virtual User: 0
[2019.11.18-18.28.03:252][ 73]LogModuleManager: Shutting down and abandoning module MagicLeapAR (282)
[2019.11.18-18.28.03:252][ 73]LogModuleManager: Shutting down and abandoning module AugmentedReality (281)
[2019.11.18-18.28.03:252][ 73]LogModuleManager: Shutting down and abandoning module GameplayTagsEditor (278)
[2019.11.18-18.28.03:259][ 73]LogModuleManager: Shutting down and abandoning module FacialAnimationEditor (276)
[2019.11.18-18.28.03:260][ 73]LogModuleManager: Shutting down and abandoning module FacialAnimation (274)
[2019.11.18-18.28.03:260][ 73]LogModuleManager: Shutting down and abandoning module DataValidation (272)
[2019.11.18-18.28.03:260][ 73]LogModuleManager: Shutting down and abandoning module AssetManagerEditor (270)
[2019.11.18-18.28.03:267][ 73]LogModuleManager: Shutting down and abandoning module LevelEditor (269)
[2019.11.18-18.28.03:268][ 73]LogModuleManager: Shutting down and abandoning module PixelInspectorModule (268)
[2019.11.18-18.28.03:268][ 73]LogModuleManager: Shutting down and abandoning module CommonMenuExtensions (266)
[2019.11.18-18.28.03:268][ 73]LogModuleManager: Shutting down and abandoning module MainFrame (264)
[2019.11.18-18.28.03:268][ 73]LogModuleManager: Shutting down and abandoning module HotReload (263)
[2019.11.18-18.28.03:268][ 73]LogModuleManager: Shutting down and abandoning module ContentBrowser (259)
[2019.11.18-18.28.03:269][ 73]LogModuleManager: Shutting down and abandoning module TreeMap (257)
[2019.11.18-18.28.03:269][ 73]LogModuleManager: Shutting down and abandoning module AnimationSharing (254)
[2019.11.18-18.28.03:269][ 73]LogModuleManager: Shutting down and abandoning module LightPropagationVolumeRuntime (252)
[2019.11.18-18.28.03:269][ 73]LogModuleManager: Shutting down and abandoning module Paper2D (250)
[2019.11.18-18.28.03:269][ 73]LogModuleManager: Shutting down and abandoning module WindowsMoviePlayer (248)
[2019.11.18-18.28.03:271][ 73]LogModuleManager: Shutting down and abandoning module WebMMoviePlayer (246)
[2019.11.18-18.28.03:271][ 73]LogModuleManager: Shutting down and abandoning module NetworkReplayStreaming (244)
[2019.11.18-18.28.03:271][ 73]LogModuleManager: Shutting down and abandoning module PacketHandler (242)
[2019.11.18-18.28.03:271][ 73]LogModuleManager: Shutting down and abandoning module ClothingSystemEditor (240)
[2019.11.18-18.28.03:271][ 73]LogModuleManager: Shutting down and abandoning module ClothingSystemRuntime (238)
[2019.11.18-18.28.03:282][ 73]LogModuleManager: Shutting down and abandoning module MediaAssets (236)
[2019.11.18-18.28.03:282][ 73]LogModuleManager: Shutting down and abandoning module Overlay (234)
[2019.11.18-18.28.03:282][ 73]LogModuleManager: Shutting down and abandoning module OverlayEditor (233)
[2019.11.18-18.28.03:282][ 73]LogModuleManager: Shutting down and abandoning module VREditor (230)
[2019.11.18-18.28.03:286][ 73]LogModuleManager: Shutting down and abandoning module StringTableEditor (228)
[2019.11.18-18.28.03:304][ 73]LogModuleManager: Shutting down and abandoning module GameplayTasksEditor (226)
[2019.11.18-18.28.03:304][ 73]LogModuleManager: Shutting down and abandoning module BehaviorTreeEditor (224)
[2019.11.18-18.28.03:310][ 73]LogModuleManager: Shutting down and abandoning module FunctionalTesting (222)
[2019.11.18-18.28.03:310][ 73]LogModuleManager: Shutting down and abandoning module CollisionAnalyzer (220)
[2019.11.18-18.28.03:310][ 73]LogModuleManager: Shutting down and abandoning module WorkspaceMenuStructure (219)
[2019.11.18-18.28.03:310][ 73]LogModuleManager: Shutting down and abandoning module UMG (216)
[2019.11.18-18.28.03:311][ 73]LogModuleManager: Shutting down and abandoning module UMGEditor (215)
[2019.11.18-18.28.03:311][ 73]LogModuleManager: Shutting down and abandoning module Sequencer (214)
[2019.11.18-18.28.03:334][ 73]LogModuleManager: Shutting down and abandoning module MessageLog (211)
[2019.11.18-18.28.03:334][ 73]LogModuleManager: Shutting down and abandoning module SlateReflector (206)
[2019.11.18-18.28.03:349][ 73]LogModuleManager: Shutting down and abandoning module Slate (204)
[2019.11.18-18.28.03:350][ 73]LogModuleManager: Shutting down and abandoning module LandscapeEditorUtilities (202)
[2019.11.18-18.28.03:350][ 73]LogModuleManager: Shutting down and abandoning module EditorStyle (200)
[2019.11.18-18.28.03:350][ 73]LogModuleManager: Shutting down and abandoning module UnrealEd (198)
[2019.11.18-18.28.03:350][ 73]LogModuleManager: Shutting down and abandoning module MRMesh (196)
[2019.11.18-18.28.03:350][ 73]LogModuleManager: Shutting down and abandoning module SourceCodeAccess (194)
[2019.11.18-18.28.03:350][ 73]LogModuleManager: Shutting down and abandoning module HeadMountedDisplay (192)
[2019.11.18-18.28.03:350][ 73]LogModuleManager: Shutting down and abandoning module XAudio2 (190)
[2019.11.18-18.28.03:350][ 73]LogModuleManager: Shutting down and abandoning module Networking (188)
[2019.11.18-18.28.03:350][ 73]LogModuleManager: Shutting down and abandoning module Core (186)
[2019.11.18-18.28.03:350][ 73]LogModuleManager: Shutting down and abandoning module KismetCompiler (184)
[2019.11.18-18.28.03:350][ 73]LogModuleManager: Shutting down and abandoning module MeshUtilities (182)
[2019.11.18-18.28.03:360][ 73]LogModuleManager: Shutting down and abandoning module MeshMergeUtilities (181)
[2019.11.18-18.28.03:360][ 73]LogModuleManager: Shutting down and abandoning module MeshReductionInterface (180)
[2019.11.18-18.28.03:360][ 73]LogModuleManager: Shutting down and abandoning module SkeletalMeshReduction (179)
[2019.11.18-18.28.03:366][ 73]LogModuleManager: Shutting down and abandoning module ProxyLODMeshReduction (177)
[2019.11.18-18.28.03:377][ 73]LogModuleManager: Shutting down and abandoning module QuadricMeshReduction (175)
[2019.11.18-18.28.03:377][ 73]LogModuleManager: Shutting down and abandoning module MaterialBaking (171)
[2019.11.18-18.28.03:383][ 73]LogModuleManager: Shutting down and abandoning module NullInstallBundleManager (166)
[2019.11.18-18.28.03:383][ 73]LogModuleManager: Shutting down and abandoning module DerivedDataCache (164)
[2019.11.18-18.28.03:434][ 73]LogDerivedDataCache: Shutdown
[2019.11.18-18.28.03:434][ 73]LogModuleManager: Shutting down and abandoning module XGEController (162)
[2019.11.18-18.28.03:434][ 73]LogXGEController: Cleaning working directory: C:/Users/victor.l/AppData/Local/Temp/UnrealXGEWorkingDir/
[2019.11.18-18.28.03:434][ 73]LogModuleManager: Shutting down and abandoning module TargetPlatform (160)
[2019.11.18-18.28.03:434][ 73]LogModuleManager: Shutting down and abandoning module VulkanShaderFormat (159)
[2019.11.18-18.28.03:434][ 73]LogModuleManager: Shutting down and abandoning module ShaderFormatVectorVM (157)
[2019.11.18-18.28.03:434][ 73]LogModuleManager: Shutting down and abandoning module ShaderFormatOpenGL (155)
[2019.11.18-18.28.03:438][ 73]LogModuleManager: Shutting down and abandoning module ShaderFormatD3D (153)
[2019.11.18-18.28.03:438][ 73]LogModuleManager: Shutting down and abandoning module MetalShaderFormat (151)
[2019.11.18-18.28.03:442][ 73]LogModuleManager: Shutting down and abandoning module TextureFormatUncompressed (149)
[2019.11.18-18.28.03:442][ 73]LogModuleManager: Shutting down and abandoning module TextureFormatPVR (147)
[2019.11.18-18.28.03:442][ 73]LogModuleManager: Shutting down and abandoning module TextureFormatDXT (145)
[2019.11.18-18.28.03:442][ 73]LogModuleManager: Shutting down and abandoning module TextureFormatIntelISPCTexComp (143)
[2019.11.18-18.28.03:442][ 73]LogModuleManager: Shutting down and abandoning module TextureFormatASTC (141)
[2019.11.18-18.28.03:442][ 73]LogModuleManager: Shutting down and abandoning module ImageWrapper (140)
[2019.11.18-18.28.03:442][ 73]LogModuleManager: Shutting down and abandoning module TextureFormatAndroid (137)
[2019.11.18-18.28.03:442][ 73]LogModuleManager: Shutting down and abandoning module AudioFormatOpus (135)
[2019.11.18-18.28.03:442][ 73]LogModuleManager: Shutting down and abandoning module AudioFormatOgg (133)
[2019.11.18-18.28.03:442][ 73]LogModuleManager: Shutting down and abandoning module AudioFormatADPCM (131)
[2019.11.18-18.28.03:442][ 73]LogModuleManager: Shutting down and abandoning module LuminTargetPlatform (129)
[2019.11.18-18.28.03:442][ 73]LogModuleManager: Shutting down and abandoning module LinuxTargetPlatform (127)
[2019.11.18-18.28.03:442][ 73]LogModuleManager: Shutting down and abandoning module LinuxServerTargetPlatform (125)
[2019.11.18-18.28.03:442][ 73]LogModuleManager: Shutting down and abandoning module LinuxNoEditorTargetPlatform (123)
[2019.11.18-18.28.03:442][ 73]LogModuleManager: Shutting down and abandoning module LinuxClientTargetPlatform (121)
[2019.11.18-18.28.03:442][ 73]LogModuleManager: Shutting down and abandoning module TVOSTargetPlatform (119)
[2019.11.18-18.28.03:443][ 73]LogModuleManager: Shutting down and abandoning module Messaging (117)
[2019.11.18-18.28.03:443][ 73]LogModuleManager: Shutting down and abandoning module IOSTargetPlatform (115)
[2019.11.18-18.28.03:444][ 73]LogModuleManager: Shutting down and abandoning module HTML5TargetPlatform (113)
[2019.11.18-18.28.03:444][ 73]LogModuleManager: Shutting down and abandoning module AndroidTargetPlatform (111)
[2019.11.18-18.28.03:448][ 73]LogModuleManager: Shutting down and abandoning module WindowsTargetPlatform (109)
[2019.11.18-18.28.03:448][ 73]LogModuleManager: Shutting down and abandoning module WindowsServerTargetPlatform (107)
[2019.11.18-18.28.03:448][ 73]LogModuleManager: Shutting down and abandoning module WindowsNoEditorTargetPlatform (105)
[2019.11.18-18.28.03:448][ 73]LogModuleManager: Shutting down and abandoning module WindowsClientTargetPlatform (103)
[2019.11.18-18.28.03:448][ 73]LogModuleManager: Shutting down and abandoning module MacTargetPlatform (101)
[2019.11.18-18.28.03:448][ 73]LogModuleManager: Shutting down and abandoning module MacServerTargetPlatform (99)
[2019.11.18-18.28.03:448][ 73]LogModuleManager: Shutting down and abandoning module MacNoEditorTargetPlatform (97)
[2019.11.18-18.28.03:448][ 73]LogModuleManager: Shutting down and abandoning module MacClientTargetPlatform (95)
[2019.11.18-18.28.03:448][ 73]LogModuleManager: Shutting down and abandoning module AllDesktopTargetPlatform (93)
[2019.11.18-18.28.03:448][ 73]LogModuleManager: Shutting down and abandoning module InputCore (90)
[2019.11.18-18.28.03:448][ 73]LogModuleManager: Shutting down and abandoning module Settings (88)
[2019.11.18-18.28.03:448][ 73]LogModuleManager: Shutting down and abandoning module DirectoryWatcher (86)
[2019.11.18-18.28.03:448][ 73]LogModuleManager: Shutting down and abandoning module PhysXCooking (84)
[2019.11.18-18.28.03:448][ 73]LogModuleManager: Shutting down and abandoning module WindowsPlatformFeatures (82)
[2019.11.18-18.28.03:448][ 73]LogModuleManager: Shutting down and abandoning module GameplayMediaEncoder (81)
[2019.11.18-18.28.03:448][ 73]LogModuleManager: Shutting down and abandoning module SteamVR (78)
[2019.11.18-18.28.03:448][ 73]LogHMD: Freeing OpenVRDLLHandle.
[2019.11.18-18.28.03:448][ 73]LogModuleManager: Shutting down and abandoning module OculusHMD (76)
[2019.11.18-18.28.03:448][ 73]LogModuleManager: Shutting down and abandoning module ExampleDeviceProfileSelector (74)
[2019.11.18-18.28.03:448][ 73]LogModuleManager: Shutting down and abandoning module LauncherChunkInstaller (72)
[2019.11.18-18.28.03:448][ 73]LogModuleManager: Shutting down and abandoning module OnlineBlueprintSupport (70)
[2019.11.18-18.28.03:448][ 73]LogModuleManager: Shutting down and abandoning module OnlineSubsystem (66)
[2019.11.18-18.28.03:449][ 73]LogModuleManager: Shutting down and abandoning module XMPP (61)
[2019.11.18-18.28.03:463][ 73]LogModuleManager: Shutting down and abandoning module WebSockets (60)
[2019.11.18-18.28.03:492][ 73]LogModuleManager: Shutting down and abandoning module HTTP (57)
[2019.11.18-18.28.03:492][ 73]LogHttp: Display: Http module shutting down, but needs to wait on 1 outstanding Http requests:
[2019.11.18-18.28.03:492][ 73]LogHttp: Display: 	verb=[POST] url=[https://datarouter.ol.epicgames.com/datarouter/api/v1/public/data?SessionID=%7BB1249A67-4162-2DF5-1B56-FAACEAC532E6%7D&AppID=UEEditor.Rocket.Release&AppVersion=4.23.0-8386587%2B%2B%2BUE4%2BRelease-4.23&UserID=46d13a6741ca9bd6998950bfb3e409e5%7C894d73b3c48046cb86ff7e4e99bb4209%7C3520fb30-bffa-487f-84af-b0ae783e2152&AppEnvironment=datacollector-binary&UploadType=eteventstream] status=Processing
[2019.11.18-18.28.03:495][ 73]LogModuleManager: Shutting down and abandoning module SSL (56)
[2019.11.18-18.28.03:496][ 73]LogModuleManager: Shutting down and abandoning module WmfMedia (52)
[2019.11.18-18.28.03:513][ 73]LogModuleManager: Shutting down and abandoning module Media (51)
[2019.11.18-18.28.03:514][ 73]LogModuleManager: Shutting down and abandoning module MagicLeap (48)
[2019.11.18-18.28.03:514][ 73]LogModuleManager: Shutting down and abandoning module DatasmithContent (46)
[2019.11.18-18.28.03:514][ 73]LogModuleManager: Shutting down and abandoning module AISupportModule (44)
[2019.11.18-18.28.03:514][ 73]LogModuleManager: Shutting down and abandoning module PlatformCryptoOpenSSL (42)
[2019.11.18-18.28.03:521][ 73]LogModuleManager: Shutting down and abandoning module PlatformCrypto (40)
[2019.11.18-18.28.03:521][ 73]LogModuleManager: Shutting down and abandoning module AnimationModifiers (38)
[2019.11.18-18.28.03:526][ 73]LogModuleManager: Shutting down and abandoning module PropertyEditor (37)
[2019.11.18-18.28.03:531][ 73]LogModuleManager: Shutting down and abandoning module AudioEditor (34)
[2019.11.18-18.28.03:536][ 73]LogModuleManager: Shutting down and abandoning module TextureCompressor (32)
[2019.11.18-18.28.03:536][ 73]LogModuleManager: Shutting down and abandoning module RenderCore (30)
[2019.11.18-18.28.03:536][ 73]LogModuleManager: Shutting down and abandoning module Landscape (28)
[2019.11.18-18.28.03:536][ 73]LogModuleManager: Shutting down and abandoning module SlateRHIRenderer (26)
[2019.11.18-18.28.03:548][ 73]LogModuleManager: Shutting down and abandoning module OpenGLDrv (24)
[2019.11.18-18.28.03:565][ 73]LogModuleManager: Shutting down and abandoning module D3D11RHI (22)
[2019.11.18-18.28.03:566][ 73]LogModuleManager: Shutting down and abandoning module AnimGraphRuntime (20)
[2019.11.18-18.28.03:566][ 73]LogModuleManager: Shutting down and abandoning module Renderer (18)
[2019.11.18-18.28.03:566][ 73]LogModuleManager: Shutting down and abandoning module Engine (16)
[2019.11.18-18.28.03:566][ 73]LogModuleManager: Shutting down and abandoning module CoreUObject (14)
[2019.11.18-18.28.03:566][ 73]LogModuleManager: Shutting down and abandoning module NetworkFile (12)
[2019.11.18-18.28.03:566][ 73]LogModuleManager: Shutting down and abandoning module CookedIterativeFile (10)
[2019.11.18-18.28.03:566][ 73]LogModuleManager: Shutting down and abandoning module StreamingFile (8)
[2019.11.18-18.28.03:566][ 73]LogModuleManager: Shutting down and abandoning module SandboxFile (6)
[2019.11.18-18.28.03:566][ 73]LogModuleManager: Shutting down and abandoning module PakFile (4)
[2019.11.18-18.28.03:571][ 73]LogModuleManager: Shutting down and abandoning module RSA (3)
[2019.11.18-18.28.03:572][ 73]LogD3D11RHI: Shutdown
[2019.11.18-18.28.03:572][ 73]LogD3D11RHI: CleanupD3DDevice
[2019.11.18-18.28.03:577][ 73]LogRendererCore: FGlobalDynamicReadBuffer::Cleanup()
[2019.11.18-18.28.03:577][ 73]LogRendererCore: FGlobalDynamicReadBuffer::Cleanup()
[2019.11.18-18.28.03:577][ 73]LogRendererCore: FGlobalDynamicReadBuffer::Cleanup()
[2019.11.18-18.28.03:643][ 73]LogD3D11RHI: ~FD3D11DynamicRHI
[2019.11.18-18.28.03:669][ 73]LogExit: Exiting.
[2019.11.18-18.28.03:680][ 73]Log file closed, 11/18/19 10:28:03
