"C:/JamCat/JamCat/Content/StarterContent/Materials/M_Basic_Wall.uasset" 0
"C:/JamCat/JamCat/Content/StarterContent/Shapes/Shape_Cylinder.uasset" 1
"C:/JamCat/JamCat/Content/BP_EarthCollision.uasset" 2
"C:/JamCat/JamCat/Content/M_Unlit.uasset" 3
"C:/JamCat/JamCat/Content/M_Unlit_InstWhite.uasset" 4
"C:/JamCat/JamCat/Content/M_Lit.uasset" 5
"C:/JamCat/JamCat/Content/M_Lit_Inst.uasset" 6
"C:/JamCat/JamCat/Content/NewMaterial_Inst.uasset" 7
"C:/JamCat/JamCat/Content/stars.uasset" 8
"C:/JamCat/JamCat/Content/stars_Mat.uasset" 9
"../../../Engine/Content/Functions/Engine_MaterialFunctions02/ExampleContent/Textures/flipbook.uasset" 10
"../../../Engine/Content/Functions/Engine_MaterialFunctions02/Texturing/FlipBook.uasset" 11
"C:/JamCat/JamCat/Content/assets/texture/cat_sheet.uasset" 12
"C:/JamCat/JamCat/Content/assets/shader/cats/nyancat_tx.uasset" 13
"C:/JamCat/JamCat/Content/assets/shader/nyancat_tx.uasset" 14
"../../../Engine/Content/Functions/Engine_MaterialFunctions01/Gradient/LinearGradient.uasset" 15
"../../../Engine/Content/Functions/Engine_MaterialFunctions02/Texturing/ScreenAlignedPixelToPixelUVs.uasset" 16
"../../../Engine/Content/EngineMaterials/Good64x64TilingNoiseHighFreq.uasset" 17
"../../../Engine/Content/Functions/Engine_MaterialFunctions02/Utility/DitherTemporalAA.uasset" 18
"C:/JamCat/JamCat/Content/assets/shader/screen-transition-angle-wipe.uasset" 19
"../../../Engine/Content/Functions/Engine_MaterialFunctions02/Utility/BreakOutFloat2Components.uasset" 20
"../../../Engine/Content/Functions/Engine_MaterialFunctions01/Texturing/ScaleUVsByCenter.uasset" 21
"C:/JamCat/JamCat/Content/assets/texture/cat_img.uasset" 22
"C:/JamCat/JamCat/Content/assets/shader/screen_transition-star-wipe.uasset" 23
"C:/JamCat/JamCat/Content/StarterContent/Architecture/Pillar_50x500.uasset" 24
"C:/JamCat/JamCat/Content/StarterContent/Architecture/Wall_400x300.uasset" 25
"C:/JamCat/JamCat/Content/StarterContent/Architecture/Wall_400x400.uasset" 26
"C:/JamCat/JamCat/Content/StarterContent/Architecture/Wall_500x500.uasset" 27
"C:/JamCat/JamCat/Content/StarterContent/Architecture/Wall_Door_400x400.uasset" 28
"C:/JamCat/JamCat/Content/StarterContent/Architecture/Wall_Window_400x400.uasset" 29
"C:/JamCat/JamCat/Content/StarterContent/Audio/Collapse01.uasset" 30
"C:/JamCat/JamCat/Content/StarterContent/Audio/Collapse02.uasset" 31
"C:/JamCat/JamCat/Content/StarterContent/Audio/Explosion01.uasset" 32
"C:/JamCat/JamCat/Content/StarterContent/Audio/Explosion02.uasset" 33
"C:/JamCat/JamCat/Content/StarterContent/Audio/Fire01.uasset" 34
"C:/JamCat/JamCat/Content/StarterContent/Audio/Fire_Sparks01.uasset" 35
"C:/JamCat/JamCat/Content/StarterContent/Audio/Light01.uasset" 36
"C:/JamCat/JamCat/Content/StarterContent/Audio/Light01_Cue.uasset" 37
"C:/JamCat/JamCat/Content/StarterContent/Audio/Light02.uasset" 38
"C:/JamCat/JamCat/Content/StarterContent/Audio/Light02_Cue.uasset" 39
"C:/JamCat/JamCat/Content/StarterContent/Audio/Smoke01.uasset" 40
"C:/JamCat/JamCat/Content/StarterContent/Audio/Starter_Birds01.uasset" 41
"C:/JamCat/JamCat/Content/StarterContent/Audio/Starter_Music01.uasset" 42
"C:/JamCat/JamCat/Content/StarterContent/Audio/Starter_Wind05.uasset" 43
"C:/JamCat/JamCat/Content/StarterContent/Audio/Starter_Wind06.uasset" 44
"C:/JamCat/JamCat/Content/StarterContent/Audio/Steam01.uasset" 45
"C:/JamCat/JamCat/Content/StarterContent/Audio/Explosion_Cue.uasset" 46
"C:/JamCat/JamCat/Content/StarterContent/Textures/T_Burst_M.uasset" 47
"C:/JamCat/JamCat/Content/StarterContent/Particles/Materials/M_Burst.uasset" 48
"C:/JamCat/JamCat/Content/StarterContent/Textures/T_Explosion_SubUV.uasset" 49
"C:/JamCat/JamCat/Content/StarterContent/Particles/Materials/M_explosion_subUV.uasset" 50
"C:/JamCat/JamCat/Content/StarterContent/Particles/Materials/m_flare_01.uasset" 51
"../../../Engine/Content/Functions/Engine_MaterialFunctions01/Gradient/RadialGradient.uasset" 52
"C:/JamCat/JamCat/Content/StarterContent/Particles/Materials/M_radial_ramp.uasset" 53
"C:/JamCat/JamCat/Content/StarterContent/Textures/T_Smoke_SubUV.uasset" 54
"C:/JamCat/JamCat/Content/StarterContent/Textures/T_Smoke_Tiled_D.uasset" 55
"C:/JamCat/JamCat/Content/StarterContent/Particles/Materials/M_smoke_subUV.uasset" 56
"C:/JamCat/JamCat/Content/StarterContent/Particles/P_Explosion.uasset" 57
"C:/JamCat/JamCat/Content/StarterContent/Blueprints/Blueprint_Effect_Explosion.uasset" 58
"../../../Engine/Content/EditorMeshes/ColorCalibrator/T_ColorGrid.uasset" 59
"C:/JamCat/JamCat/Content/StarterContent/Materials/M_ColorGrid_LowSpec.uasset" 60
"C:/JamCat/JamCat/Content/StarterContent/Textures/T_Bush_D.uasset" 61
"C:/JamCat/JamCat/Content/StarterContent/Textures/T_Bush_N.uasset" 62
"C:/JamCat/JamCat/Content/StarterContent/Props/Materials/M_Bush.uasset" 63
"C:/JamCat/JamCat/Content/StarterContent/Props/SM_Bush.uasset" 64
"C:/JamCat/JamCat/Content/StarterContent/Textures/T_Chair_M.uasset" 65
"C:/JamCat/JamCat/Content/StarterContent/Textures/T_Chair_N.uasset" 66
"C:/JamCat/JamCat/Content/StarterContent/Props/Materials/M_Chair.uasset" 67
"C:/JamCat/JamCat/Content/StarterContent/Props/SM_Couch.uasset" 68
"C:/JamCat/JamCat/Content/StarterContent/Materials/M_Glass.uasset" 69
"C:/JamCat/JamCat/Content/StarterContent/Textures/T_Door_M.uasset" 70
"C:/JamCat/JamCat/Content/StarterContent/Textures/T_Door_N.uasset" 71
"C:/JamCat/JamCat/Content/StarterContent/Props/Materials/M_Door.uasset" 72
"C:/JamCat/JamCat/Content/StarterContent/Props/SM_Door.uasset" 73
"C:/JamCat/JamCat/Content/StarterContent/Props/Materials/M_MaterialSphere.uasset" 74
"C:/JamCat/JamCat/Content/StarterContent/Props/Materials/M_MaterialSphere_Plain.uasset" 75
"C:/JamCat/JamCat/Content/StarterContent/Props/SM_MatPreviewMesh_02.uasset" 76
"../../../Engine/Content/Functions/Engine_MaterialFunctions02/Utility/BlendAngleCorrectedNormals.uasset" 77
"C:/JamCat/JamCat/Content/StarterContent/Textures/T_Detail_Rocky_N.uasset" 78
"C:/JamCat/JamCat/Content/StarterContent/Textures/T_Rock_Basalt_D.uasset" 79
"C:/JamCat/JamCat/Content/StarterContent/Textures/T_RockMesh_M.uasset" 80
"C:/JamCat/JamCat/Content/StarterContent/Textures/T_RockMesh_N.uasset" 81
"C:/JamCat/JamCat/Content/StarterContent/Props/Materials/M_Rock.uasset" 82
"C:/JamCat/JamCat/Content/StarterContent/Props/SM_Rock.uasset" 83
"C:/JamCat/JamCat/Content/StarterContent/Textures/T_Shelf_M.uasset" 84
"C:/JamCat/JamCat/Content/StarterContent/Textures/T_Shelf_N.uasset" 85
"C:/JamCat/JamCat/Content/StarterContent/Props/Materials/M_Shelf.uasset" 86
"C:/JamCat/JamCat/Content/StarterContent/Props/SM_Shelf.uasset" 87
"C:/JamCat/JamCat/Content/StarterContent/Materials/M_Basic_Floor.uasset" 88
"C:/JamCat/JamCat/Content/StarterContent/Props/SM_Stairs.uasset" 89
"C:/JamCat/JamCat/Content/StarterContent/Shapes/Shape_Cone.uasset" 90
"C:/JamCat/JamCat/Content/StarterContent/Shapes/Shape_NarrowCapsule.uasset" 91
"C:/JamCat/JamCat/Content/StarterContent/Shapes/Shape_Pipe.uasset" 92
"C:/JamCat/JamCat/Content/StarterContent/Shapes/Shape_Pipe_180.uasset" 93
"C:/JamCat/JamCat/Content/StarterContent/Shapes/Shape_Pipe_90.uasset" 94
"C:/JamCat/JamCat/Content/StarterContent/Shapes/Shape_Torus.uasset" 95
"C:/JamCat/JamCat/Content/StarterContent/Shapes/Shape_Trim.uasset" 96
"C:/JamCat/JamCat/Content/StarterContent/Shapes/Shape_Trim_90_In.uasset" 97
"C:/JamCat/JamCat/Content/StarterContent/Shapes/Shape_Trim_90_Out.uasset" 98
"C:/JamCat/JamCat/Content/StarterContent/Shapes/Shape_TriPyramid.uasset" 99
"C:/JamCat/JamCat/Content/StarterContent/Shapes/Shape_Tube.uasset" 100
"C:/JamCat/JamCat/Content/StarterContent/Shapes/Shape_Wedge_A.uasset" 101
"C:/JamCat/JamCat/Content/StarterContent/Shapes/Shape_Wedge_B.uasset" 102
"C:/JamCat/JamCat/Content/StarterContent/Shapes/Shape_WideCapsule.uasset" 103
"C:/JamCat/JamCat/Content/Test2/cat.uasset" 104
"C:/JamCat/JamCat/Content/Test2/BP_Manager.uasset" 105
"C:/JamCat/JamCat/Content/Test2/CatGameMode.uasset" 106
"C:/JamCat/JamCat/Content/TS_PostProcess/PostProcess/PPM_TS_BrightnessClamper.uasset" 107
"C:/JamCat/JamCat/Content/TS_PostProcess/PostProcess/Functions/MF_TS_CustomDepthMask.uasset" 108
"C:/JamCat/JamCat/Content/TS_PostProcess/PostProcess/PPM_TS_Crosshatch_CustomDepth.uasset" 109
"C:/JamCat/JamCat/Content/TS_PostProcess/PostProcess/PPM_TS_Posterize_CustomDepth.uasset" 110
"C:/JamCat/JamCat/Content/TS_PostProcess/PostProcess/PPM_TS_Crosshatch.uasset" 111
"C:/JamCat/JamCat/Content/TS_PostProcess/PostProcess/Instances/PPM_TS_Crosshatch_CrossStitch.uasset" 112
"C:/JamCat/JamCat/Content/TS_PostProcess/PostProcess/Instances/PPM_TS_Crosshatch_Inst.uasset" 113
"C:/JamCat/JamCat/Content/TS_PostProcess/PostProcess/Instances/PPM_TS_Crosshatch_Inst1.uasset" 114
"C:/JamCat/JamCat/Content/TS_PostProcess/PostProcess/Instances/PPM_TS_Crosshatch_Larger.uasset" 115
"C:/JamCat/JamCat/Content/TS_PostProcess/PostProcess/Instances/PPM_TS_Crosshatch_Shadows.uasset" 116
"C:/JamCat/JamCat/Content/TS_PostProcess/PostProcess/PPM_TS_FakeLighting.uasset" 117
"C:/JamCat/JamCat/Content/TS_PostProcess/PostProcess/Instances/PPM_TS_FakeLighting_Blueprint.uasset" 118
"C:/JamCat/JamCat/Content/TS_PostProcess/PostProcess/PPM_TS_FakeLighting_CustomDepth.uasset" 119
"C:/JamCat/JamCat/Content/TS_PostProcess/PostProcess/Instances/PPM_TS_FakeLighting_Blueprint_CustomDepth.uasset" 120
"../../../Engine/Content/Functions/Engine_MaterialFunctions02/Utility/BreakOutFloat3Components.uasset" 121
"C:/JamCat/JamCat/Content/TS_PostProcess/Textures/T_GradientCircles.uasset" 122
"C:/JamCat/JamCat/Content/TS_PostProcess/PostProcess/PPM_TS_Halftone.uasset" 123
"C:/JamCat/JamCat/Content/TS_PostProcess/PostProcess/Instances/PPM_TS_Halftone_BnW.uasset" 124
"C:/JamCat/JamCat/Content/TS_PostProcess/PostProcess/PPM_TS_Halftone_CustomDepth.uasset" 125
"C:/JamCat/JamCat/Content/TS_PostProcess/PostProcess/Instances/PPM_TS_Halftone_BnW_CustomDepth_Inst.uasset" 126
"C:/JamCat/JamCat/Content/TS_PostProcess/PostProcess/Instances/PPM_TS_Halftone_CustomDepth_Inst.uasset" 127
"C:/JamCat/JamCat/Content/TS_PostProcess/PostProcess/Instances/PPM_TS_Halftone_Fine.uasset" 128
"C:/JamCat/JamCat/Content/TS_PostProcess/PostProcess/Instances/PPM_TS_Halftone_Fine_CustomDepth.uasset" 129
"C:/JamCat/JamCat/Content/TS_PostProcess/PostProcess/Instances/PPM_TS_Halftone_Inst.uasset" 130
"../../../Engine/Content/Functions/Engine_MaterialFunctions02/Utility/VectorLength.uasset" 131
"C:/JamCat/JamCat/Content/TS_PostProcess/Textures/T_GridB.uasset" 132
"C:/JamCat/JamCat/Content/TS_PostProcess/PostProcess/PPM_TS_InkAndPaper.uasset" 133
"C:/JamCat/JamCat/Content/TS_PostProcess/Textures/T_Paper_SpiralBoundGrid.uasset" 134
"C:/JamCat/JamCat/Content/TS_PostProcess/PostProcess/Instances/PPM_TS_InkAndPaper_BallPoint.uasset" 135
"C:/JamCat/JamCat/Content/TS_PostProcess/PostProcess/PPM_TS_InkAndPaper_CustomDepth.uasset" 136
"C:/JamCat/JamCat/Content/TS_PostProcess/PostProcess/Instances/PPM_TS_InkAndPaper_BallPoint_CustomDepth.uasset" 137
"C:/JamCat/JamCat/Content/TS_PostProcess/PostProcess/PPM_TS_InkAndPaper_Old.uasset" 138
"C:/JamCat/JamCat/Content/TS_PostProcess/PostProcess/Instances/PPM_TS_InkAndPaper_BallPoint_old.uasset" 139
"C:/JamCat/JamCat/Content/TS_PostProcess/PostProcess/PPM_TS_InkOnly.uasset" 140
"C:/JamCat/JamCat/Content/TS_PostProcess/PostProcess/Instances/PPM_TS_InkAndPaper_BlackLine.uasset" 141
"C:/JamCat/JamCat/Content/TS_PostProcess/PostProcess/Instances/PPM_TS_InkAndPaper_LineBlackRegular.uasset" 142
"C:/JamCat/JamCat/Content/TS_PostProcess/PostProcess/Instances/PPM_TS_InkAndPaper_BlackLineHeavy.uasset" 143
"C:/JamCat/JamCat/Content/TS_PostProcess/PostProcess/Instances/PPM_TS_InkAndPaper_BlueprintStyleA.uasset" 144
"C:/JamCat/JamCat/Content/TS_PostProcess/PostProcess/Instances/PPM_TS_InkAndPaper_BlueprintStyleB.uasset" 145
"C:/JamCat/JamCat/Content/TS_PostProcess/PostProcess/Instances/PPM_TS_InkAndPaper_BlueprintStyleB_CustomDepth.uasset" 146
"C:/JamCat/JamCat/Content/TS_PostProcess/PostProcess/Instances/PPM_TS_InkAndPaper_CustomDepth_Inst.uasset" 147
"C:/JamCat/JamCat/Content/TS_PostProcess/PostProcess/PPM_TS_InkOnly_CustomDepth.uasset" 148
"C:/JamCat/JamCat/Content/TS_PostProcess/PostProcess/Instances/PPM_TS_InkAndPaper_LineBlackRegularCustomDepth.uasset" 149
"C:/JamCat/JamCat/Content/TS_PostProcess/PostProcess/Instances/PPM_TS_InkAndPaper_LineBlackHeavyCustomDepth.uasset" 150
"C:/JamCat/JamCat/Content/TS_PostProcess/PostProcess/Instances/PPM_TS_InkAndPaper_LineBlackLight.uasset" 151
"C:/JamCat/JamCat/Content/TS_PostProcess/PostProcess/Instances/PPM_TS_InkAndPaper_LineBlackRegularLight.uasset" 152
"C:/JamCat/JamCat/Content/TS_PostProcess/PostProcess/Instances/PPM_TS_InkAndPaper_LineBlackRegularLightCustomDepth.uasset" 153
"C:/JamCat/JamCat/Content/TS_PostProcess/Textures/hexmap.uasset" 154
"C:/JamCat/JamCat/Content/TS_PostProcess/PostProcess/Instances/PPM_TS_InkAndPaper_SciFi.uasset" 155
"C:/JamCat/JamCat/Content/TS_PostProcess/PostProcess/Instances/PPM_TS_InkAndPaper_SciFiCustomDepth.uasset" 156
"C:/JamCat/JamCat/Content/TS_PostProcess/PostProcess/Instances/PPM_TS_InkOnly_OccludedLinesCustomDepth.uasset" 157
"C:/JamCat/JamCat/Content/TS_PostProcess/PostProcess/PPM_TS_Pixelize.uasset" 158
"C:/JamCat/JamCat/Content/TS_PostProcess/PostProcess/Instances/PPM_TS_Pixelize_CrossStitch.uasset" 159
"C:/JamCat/JamCat/Content/TS_PostProcess/PostProcess/PPM_TS_Pixelize_CustomDepth.uasset" 160
"C:/JamCat/JamCat/Content/TS_PostProcess/PostProcess/Instances/PPM_TS_Pixelize_CustomDepth_Inst.uasset" 161
"C:/JamCat/JamCat/Content/TS_PostProcess/PostProcess/Instances/PPM_TS_Pixelize_Inst.uasset" 162
"C:/JamCat/JamCat/Content/TS_PostProcess/PostProcess/PPM_TS_Posterize.uasset" 163
"C:/JamCat/JamCat/Content/TS_PostProcess/PostProcess/Instances/PPM_TS_Posterize_Inst.uasset" 164
"C:/JamCat/JamCat/Content/TS_PostProcess/PostProcess/PPM_TS_ToonShader_CustomDepth.uasset" 165
"C:/JamCat/JamCat/Content/TS_PostProcess/PostProcess/Instances/PPM_TS_ToonShader_CustomDepth_Inst.uasset" 166
"C:/JamCat/JamCat/Content/TS_PostProcess/PostProcess/Instances/PPM_TS_ToonShader_CustomDepth_Inst2.uasset" 167
"C:/JamCat/JamCat/Content/TS_PostProcess/PostProcess/Instances/PPM_TS_ToonShader_CustomDepth_Inst3.uasset" 168
"C:/JamCat/JamCat/Content/TS_PostProcess/PostProcess/PPM_TS_ToonShader.uasset" 169
"C:/JamCat/JamCat/Content/TS_PostProcess/PostProcess/Instances/PPM_TS_ToonShader_Inst.uasset" 170
"C:/JamCat/JamCat/Content/TS_PostProcess/PostProcess/Instances/PPM_TS_ToonShader_Inst3.uasset" 171
"../../../Engine/Content/Animation/DefaultAnimCurveCompressionSettings.uasset" 172
"../../../Engine/Content/Functions/Engine_MaterialFunctions01/Opacity/CameraDepthFade.uasset" 173
"../../../Engine/Content/EngineMaterials/T_Default_Material_Grid_M.uasset" 174
"../../../Engine/Content/EngineMaterials/T_Default_Material_Grid_N.uasset" 175
"../../../Engine/Content/EngineMaterials/WorldGridMaterial.uasset" 176
"../../../Engine/Content/ArtTools/RenderToTexture/Meshes/S_1_Unit_Plane.uasset" 177
"../../../Engine/Content/EngineMaterials/DefaultMaterial.uasset" 178
"../../../Engine/Content/BasicShapes/Cone.uasset" 179
"../../../Engine/Content/BasicShapes/Sphere.uasset" 180
"../../../Engine/Content/EditorLandscapeResources/DataLayer.uasset" 181
"../../../Engine/Content/EditorMaterials/GizmoMaterial.uasset" 182
"../../../Engine/Content/EditorMaterials/MAT_Groups_Toggle.uasset" 183
"../../../Engine/Content/EditorMaterials/MAT_Groups_Visibility.uasset" 184
"../../../Engine/Content/EditorMaterials/PreviewShadowIndicator.uasset" 185
"../../../Engine/Content/EditorMaterials/PreviewShadowIndicatorMaterial.uasset" 186
"../../../Engine/Content/EditorMaterials/MatineeGroups/MAT_ColorTrack.uasset" 187
"../../../Engine/Content/EditorMaterials/MatineeGroups/MAT_Groups_Anim.uasset" 188
"../../../Engine/Content/EditorMaterials/MatineeGroups/MAT_Groups_AudioMaster.uasset" 189
"../../../Engine/Content/EditorMaterials/MatineeGroups/MAT_Groups_Director.uasset" 190
"../../../Engine/Content/EditorMaterials/MatineeGroups/MAT_Groups_Event.uasset" 191
"../../../Engine/Content/EditorMaterials/MatineeGroups/MAT_Groups_Fade.uasset" 192
"../../../Engine/Content/EditorMaterials/MatineeGroups/MAT_Groups_Float.uasset" 193
"../../../Engine/Content/EditorMaterials/MatineeGroups/MAT_Groups_Move.uasset" 194
"../../../Engine/Content/EditorMaterials/MatineeGroups/MAT_Groups_Slomo.uasset" 195
"../../../Engine/Content/EditorMaterials/MatineeGroups/MAT_Groups_Sound.uasset" 196
"../../../Engine/Content/EditorMaterials/MatineeGroups/MAT_Groups_Vector.uasset" 197
"../../../Engine/Content/EditorMaterials/ParticleSystems/PSysThumbnail_NoImage.uasset" 198
"../../../Engine/Content/EditorMaterials/ParticleSystems/PSysThumbnail_OOD.uasset" 199
"../../../Engine/Content/EditorMaterials/Camera/CineMat.uasset" 200
"../../../Engine/Content/EditorMaterials/Camera/MI_CineMat_Rig.uasset" 201
"../../../Engine/Content/EditorMeshes/Camera/SM_CraneRig_Arm.uasset" 202
"../../../Engine/Content/EditorMeshes/Camera/SM_CraneRig_Base.uasset" 203
"../../../Engine/Content/EditorMeshes/Camera/SM_CraneRig_Body.uasset" 204
"../../../Engine/Content/EditorMeshes/Camera/SM_CraneRig_Mount.uasset" 205
"../../../Engine/Content/EditorMeshes/Camera/SM_RailRig_Mount.uasset" 206
"../../../Engine/Content/EditorMeshes/Camera/SM_RailRig_Track.uasset" 207
"../../../Engine/Content/EditorResources/BSPVertex.uasset" 208
"../../../Engine/Content/EditorResources/EmptyActor.uasset" 209
"../../../Engine/Content/EditorResources/S_Actor.uasset" 210
"../../../Engine/Content/EditorResources/S_Note.uasset" 211
"../../../Engine/Content/EditorResources/S_Solver.uasset" 212
"../../../Engine/Content/EditorResources/S_Trigger.uasset" 213
"../../../Engine/Content/EditorResources/AudioIcons/S_AudioComponent.uasset" 214
"../../../Engine/Content/EditorResources/AudioIcons/S_AudioComponent_AutoActivate.uasset" 215
"../../../Engine/Content/EditorResources/LightIcons/S_LightError.uasset" 216
"../../../Engine/Content/EditorResources/SequenceRecorder/Countdown.uasset" 217
"../../../Engine/Content/EditorResources/SequenceRecorder/RecordingIndicator.uasset" 218
"../../../Engine/Content/EditorSounds/Notifications/CompileFailed.uasset" 219
"../../../Engine/Content/EditorSounds/Notifications/CompileFailed_Cue.uasset" 220
"../../../Engine/Content/EditorSounds/Notifications/CompileSuccess.uasset" 221
"../../../Engine/Content/EditorSounds/Notifications/CompileStart_Cue.uasset" 222
"../../../Engine/Content/EditorSounds/Notifications/CompileSuccess_Cue.uasset" 223
"../../../Engine/Content/EngineDamageTypes/DmgTypeBP_Environmental.uasset" 224
"../../../Engine/Content/EngineDebugMaterials/HeatmapGradient.uasset" 225
"../../../Engine/Content/EngineDebugMaterials/BoneWeightMaterial.uasset" 226
"../../../Engine/Content/EngineDebugMaterials/ClothMaterial.uasset" 227
"../../../Engine/Content/EngineDebugMaterials/ClothMaterial_WF.uasset" 228
"../../../Engine/Content/EngineDebugMaterials/DebugEditorMaterial.uasset" 229
"../../../Engine/Content/EngineDebugMaterials/DebugMeshMaterial.uasset" 230
"../../../Engine/Content/EngineDebugMaterials/GeomMaterial.uasset" 231
"../../../Engine/Content/EngineDebugMaterials/M_SimpleTranslucent.uasset" 232
"../../../Engine/Content/Functions/Engine_MaterialFunctions02/Utility/CameraDirectionVector.uasset" 233
"../../../Engine/Content/EngineDebugMaterials/VolumeToRender.uasset" 234
"../../../Engine/Content/EngineDebugMaterials/M_VolumeRenderSphereTracePP.uasset" 235
"../../../Engine/Content/EngineDebugMaterials/WireframeMaterial.uasset" 236
"../../../Engine/Content/EngineFonts/Faces/RobotoBold.uasset" 237
"../../../Engine/Content/EngineFonts/Faces/RobotoBoldItalic.uasset" 238
"../../../Engine/Content/EngineFonts/Faces/RobotoItalic.uasset" 239
"../../../Engine/Content/EngineFonts/Faces/RobotoLight.uasset" 240
"../../../Engine/Content/EngineFonts/Faces/RobotoRegular.uasset" 241
"../../../Engine/Content/EngineFonts/Roboto.uasset" 242
"../../../Engine/Content/EngineFonts/Faces/RobotoTiny.uasset" 243
"../../../Engine/Content/EngineFonts/RobotoTiny.uasset" 244
"../../../Engine/Content/EngineMaterials/BaseFlattenDiffuseMap.uasset" 245
"../../../Engine/Content/EngineMaterials/BaseFlattenEmissiveMap.uasset" 246
"../../../Engine/Content/EngineMaterials/BaseFlattenGrayscaleMap.uasset" 247
"../../../Engine/Content/EngineMaterials/BaseFlattenNormalMap.uasset" 248
"../../../Engine/Content/EngineMaterials/BaseFlattenMaterial.uasset" 249
"../../../Engine/Content/EngineMaterials/BlueNoise.uasset" 250
"../../../Engine/Content/EngineMaterials/DefaultBloomKernel.uasset" 251
"../../../Engine/Content/EngineMaterials/DefaultBokeh.uasset" 252
"../../../Engine/Content/EngineMaterials/DefaultDiffuse.uasset" 253
"../../../Engine/Content/EngineMaterials/DefaultDeferredDecalMaterial.uasset" 254
"../../../Engine/Content/EngineMaterials/DefaultLightFunctionMaterial.uasset" 255
"../../../Engine/Content/EngineMaterials/DefaultPhysicalMaterial.uasset" 256
"../../../Engine/Content/EngineMaterials/DefaultPostProcessMaterial.uasset" 257
"../../../Engine/Content/EngineFonts/RobotoDistanceField.uasset" 258
"../../../Engine/Content/EngineMaterials/DefaultTextMaterialOpaque.uasset" 259
"../../../Engine/Content/EngineMaterials/DefaultVirtualTextureMaterial.uasset" 260
"../../../Engine/Content/EngineMaterials/DefaultWhiteGrid.uasset" 261
"../../../Engine/Content/EngineMaterials/EditorBrushMaterial.uasset" 262
"../../../Engine/Content/EngineMaterials/DefaultWhiteGrid_Low.uasset" 263
"../../../Engine/Content/EngineMaterials/EmissiveMeshMaterial.uasset" 264
"../../../Engine/Content/EngineMaterials/MiniFont.uasset" 265
"../../../Engine/Content/EngineMaterials/InvalidLightmapSettings.uasset" 266
"../../../Engine/Content/EngineMaterials/M_InvalidLightmapSettings.uasset" 267
"../../../Engine/Content/Functions/Engine_MaterialFunctions02/WorldPositionOffset/CameraOffset.uasset" 268
"../../../Engine/Content/EngineMaterials/PhAT_JointLimitMaterial.uasset" 269
"../../../Engine/Content/EngineMaterials/PreintegratedSkinBRDF.uasset" 270
"../../../Engine/Content/EngineMaterials/RemoveSurfaceMaterial.uasset" 271
"../../../Engine/Content/EngineMaterials/WeightMapPlaceholderTexture.uasset" 272
"../../../Engine/Content/EngineResources/WhiteSquareTexture.uasset" 273
"../../../Engine/Content/EngineMaterials/Widget3DPassThrough.uasset" 274
"../../../Engine/Content/EngineMaterials/Widget3DPassThrough_Masked.uasset" 275
"../../../Engine/Content/EngineMaterials/Widget3DPassThrough_Opaque.uasset" 276
"../../../Engine/Content/EngineMaterials/Widget3DPassThrough_Masked_OneSided.uasset" 277
"../../../Engine/Content/EngineMaterials/Widget3DPassThrough_Opaque_OneSided.uasset" 278
"../../../Engine/Content/EngineMaterials/Widget3DPassThrough_Translucent.uasset" 279
"../../../Engine/Content/EngineMaterials/Widget3DPassThrough_Translucent_OneSided.uasset" 280
"../../../Engine/Content/EngineMeshes/Cylinder.uasset" 281
"../../../Engine/Content/EngineMeshes/Sphere.uasset" 282
"../../../Engine/Content/EngineResources/Black.uasset" 283
"../../../Engine/Content/EngineResources/DefaultTexture.uasset" 284
"../../../Engine/Content/EngineResources/DefaultTextureCube.uasset" 285
"../../../Engine/Content/EngineResources/DefaultVolumeTexture2D.uasset" 286
"../../../Engine/Content/EngineResources/DefaultVolumeTexture.uasset" 287
"../../../Engine/Content/EngineResources/GradientTexture0.uasset" 288
"../../../Engine/Content/EngineSounds/Master.uasset" 289
"../../../Engine/Content/Functions/Engine_MaterialFunctions01/Shading/ConvertFromDiffSpec.uasset" 290
"../../../Engine/Content/Functions/Engine_MaterialFunctions01/Shading/PowerToRoughness.uasset" 291
"../../../Engine/Content/Maps/Templates/Thumbnails/Default.uasset" 292
"../../../Engine/Content/Maps/Templates/Thumbnails/VR-Basic.uasset" 293
"../../../Engine/Content/MobileResources/T_MobileControls_texture.uasset" 294
"../../../Engine/Content/MobileResources/T_MobileMenu2.uasset" 295
"../../../Engine/Content/MobileResources/HUD/AnalogHat.uasset" 296
"../../../Engine/Content/MobileResources/HUD/VirtualJoystick_Background.uasset" 297
"../../../Engine/Content/MobileResources/HUD/VirtualJoystick_Thumb.uasset" 298
"../../../Engine/Content/MobileResources/HUD/DefaultVirtualJoysticks.uasset" 299
"../../../Engine/Content/MobileResources/HUD/LeftVirtualJoystickOnly.uasset" 300
"../../../Engine/Content/MobileResources/HUD/MobileHUDButton1_off.uasset" 301
"../../../Engine/Content/MobileResources/HUD/MobileHUDButton1_on.uasset" 302
"../../../Engine/Content/MobileResources/HUD/MobileHUDButton2_off.uasset" 303
"../../../Engine/Content/MobileResources/HUD/MobileHUDButton2_on.uasset" 304
"../../../Engine/Content/MobileResources/HUD/MobileHUDButton3.uasset" 305
"../../../Engine/Content/MobileResources/HUD/MobileHUDButtonFire.uasset" 306
"../../../Engine/Content/MobileResources/HUD/MobileHUDDirectionPad.uasset" 307
"../../../Engine/Content/MobileResources/HUD/MobileHUDDirectionPad2.uasset" 308
"../../../Engine/Content/MobileResources/HUD/MobileHUDDirectionPad3.uasset" 309
"../../../Engine/Content/MobileResources/HUD/MobileHUDDirectionStick.uasset" 310
"../../../Engine/Content/MobileResources/HUD/T_Castle_ThumbstickInner.uasset" 311
"../../../Engine/Content/MobileResources/HUD/T_Castle_ThumbstickOutter.uasset" 312
"../../../Engine/Content/Tutorial/ContentIntroCurve.uasset" 313
"../../../Engine/Content/Tutorial/Basics/LevelEditorAttract.uasset" 314
"../../../Engine/Content/VREditor/LaserPointer/VR_LaserPower_01.uasset" 315
"../../../Engine/Content/VREditor/TransformGizmo/TransformGizmoMaterial.uasset" 316
"../../../Engine/Content/VREditor/TransformGizmo/TranslucentTransformGizmoMaterial.uasset" 317
"../../../Engine/Content/VREditor/TransformGizmo/BoundingBoxCorner.uasset" 318
"../../../Engine/Content/VREditor/TransformGizmo/BoundingBoxEdge.uasset" 319
"../../../Engine/Content/VREditor/TransformGizmo/PlaneTranslationHandle.uasset" 320
"../../../Engine/Content/VREditor/TransformGizmo/Main.uasset" 321
"../../../Engine/Content/VREditor/TransformGizmo/Xray.uasset" 322
"../../../Engine/Content/VREditor/TransformGizmo/SM_Sequencer_Key.uasset" 323
"../../../Engine/Content/VREditor/TransformGizmo/SM_Sequencer_Node.uasset" 324
"../../Plugins/2D/Paper2D/Content/PlaceholderTextures/DummySpriteTexture.uasset" 325
"../../Plugins/2D/Paper2D/Content/DummySprite.uasset" 326
"../../Plugins/2D/Paper2D/Content/DefaultPaperTerrainMaterial.uasset" 327
"../../Plugins/2D/Paper2D/Content/DummySpriteTexture.uasset" 328
"../../Plugins/2D/Paper2D/Content/DefaultSpriteMaterial.uasset" 329
"../../Plugins/2D/Paper2D/Content/MaskedUnlitSpriteMaterial.uasset" 330
"../../Plugins/2D/Paper2D/Content/OpaqueUnlitSpriteMaterial.uasset" 331
"../../Plugins/Runtime/Oculus/OculusVR/Content/OculusMR_RenderTarget.uasset" 332
"../../../Engine/Content/Functions/Engine_MaterialFunctions02/Utility/BreakOutFloat4Components.uasset" 333
"../../../Engine/Content/Functions/Engine_MaterialFunctions02/Utility/MakeFloat2.uasset" 334
"../../../Engine/Content/Functions/Engine_MaterialFunctions02/Utility/MakeFloat3.uasset" 335
"../../Plugins/Runtime/Oculus/OculusVR/Content/Materials/OculusMR_ChromaKey.uasset" 336
"../../Plugins/Runtime/Oculus/OculusVR/Content/Materials/OculusMR_ChromaKey_Lit.uasset" 337
"../../Plugins/Runtime/Oculus/OculusVR/Content/Materials/OculusMR_OpaqueColoredMaterial.uasset" 338
"../../Plugins/Runtime/Oculus/OculusVR/Content/Materials/OculusMR_WhiteMaterial.uasset" 339
"C:/JamCat/JamCat/Content/Nyan-Cat-Free-Download-PNG.uasset" 340
"C:/JamCat/JamCat/Content/M_Cat.uasset" 341
"C:/JamCat/JamCat/Content/rock.uasset" 342
"C:/JamCat/JamCat/Content/M_Cat_Inst1.uasset" 343
"../../../Engine/Content/BasicShapes/Plane.uasset" 344
"C:/JamCat/JamCat/Content/BP_Enemy_Circle.uasset" 345
"../../../Engine/Content/EditorBlueprintResources/StandardMacros.uasset" 346
"C:/JamCat/JamCat/Content/earth.uasset" 347
"C:/JamCat/JamCat/Content/earth_Mat.uasset" 348
"C:/JamCat/JamCat/Content/earth_Mat_Inst.uasset" 349
"C:/JamCat/JamCat/Content/BP_Earth.uasset" 350
"../../../Engine/Content/BasicShapes/BasicShapeMaterial.uasset" 351
"C:/JamCat/JamCat/Content/M_Unlit_InstGreen.uasset" 352
"C:/JamCat/JamCat/Content/M_Unlit_InstRed.uasset" 353
"C:/JamCat/JamCat/Content/M_Unlit_InstYellow.uasset" 354
"C:/JamCat/JamCat/Content/StarterContent/Shapes/Shape_Plane.uasset" 355
"C:/JamCat/JamCat/Content/BP_Light.uasset" 356
"C:/JamCat/JamCat/Content/M_Cat_Inst.uasset" 357
"C:/JamCat/JamCat/Content/BP_Cat.uasset" 358
"C:/JamCat/JamCat/Content/ExampleContent/MouseInterface/Blueprints/MI_PlayerController.uasset" 359
"C:/JamCat/JamCat/Content/ExampleContent/MouseInterface/Blueprints/MI_GameInfo.uasset" 360
"../../../Engine/Content/EditorMaterials/AssetViewer/EpicQuadPanorama_CC+EV1.uasset" 361
"C:/JamCat/JamCat/Content/Geometry/Meshes/CubeMaterial.uasset" 362
"C:/JamCat/JamCat/Content/Geometry/Meshes/1M_Cube.uasset" 363
"C:/JamCat/JamCat/Content/L_Test1.umap" 364
"../../../Engine/Content/Functions/Engine_MaterialFunctions02/Utility/VectorToRadialValue.uasset" 365
"../../../Engine/Content/Functions/Engine_MaterialFunctions02/WorldPositionOffset/ComponentPivotLocation.uasset" 366
"../../../Engine/Content/Functions/Engine_MaterialFunctions02/WorldPositionOffset/ObjectScale.uasset" 367
"../../../Engine/Content/Functions/Engine_MaterialFunctions02/WorldPositionOffset/Sprite.uasset" 368
"C:/JamCat/JamCat/Content/assets/shader/pallete/MPC_pallete.uasset" 369
"C:/JamCat/JamCat/Content/assets/shader/sprite.uasset" 370
"C:/JamCat/JamCat/Content/assets/shader/atmosphere.uasset" 371
"C:/JamCat/JamCat/Content/assets/static_mesh/earth_atmosphere.uasset" 372
"C:/JamCat/JamCat/Content/assets/texture/earth_texture.uasset" 373
"C:/JamCat/JamCat/Content/assets/shader/earth.uasset" 374
"C:/JamCat/JamCat/Content/assets/static_mesh/earth_earth.uasset" 375
"C:/JamCat/JamCat/Content/Test2/BP_Earth2.uasset" 376
"C:/JamCat/JamCat/Content/assets/shader/pallete/light_position.uasset" 377
"C:/JamCat/JamCat/Content/assets/texture/sdf_square_rect_circle.uasset" 378
"C:/JamCat/JamCat/Content/assets/shader/cansters/cainsters.uasset" 379
"C:/JamCat/JamCat/Content/assets/shader/cansters/cainsters_InstC.uasset" 380
"C:/JamCat/JamCat/Content/assets/shader/cansters/cainsters_InstA.uasset" 381
"C:/JamCat/JamCat/Content/assets/static_mesh/bumper_-_canister_A.uasset" 382
"C:/JamCat/JamCat/Content/assets/shader/cansters/cainsters_InstB.uasset" 383
"C:/JamCat/JamCat/Content/assets/static_mesh/bumper_-_canister_B.uasset" 384
"C:/JamCat/JamCat/Content/assets/shader/cansters/cainsters_InstB1.uasset" 385
"C:/JamCat/JamCat/Content/assets/static_mesh/bumper_-_canister_B1.uasset" 386
"C:/JamCat/JamCat/Content/assets/static_mesh/bumper_-_canister_C.uasset" 387
"C:/JamCat/JamCat/Content/Test2/BP_Enemy2.uasset" 388
"C:/JamCat/JamCat/Content/M_Alpha.uasset" 389
"C:/JamCat/JamCat/Content/M_Alpha_Inst.uasset" 390
"C:/JamCat/JamCat/Content/Test2/BP_Light2.uasset" 391
"C:/JamCat/JamCat/Content/M_Lit_Inst1.uasset" 392
"C:/JamCat/JamCat/Content/Test2/BP_Plane.uasset" 393
"C:/JamCat/JamCat/Content/DefaultTextMaterialOpaque.uasset" 394
"C:/JamCat/JamCat/Content/DefaultTextMaterialOpaque_Inst.uasset" 395
"C:/JamCat/JamCat/Content/Test2/BP_UI.uasset" 396
"C:/JamCat/JamCat/Content/assets/shader/cats/qoobit_1.uasset" 397
"C:/JamCat/JamCat/Content/StarterContent/Particles/Materials/M_Radial_Gradient.uasset" 398
"C:/JamCat/JamCat/Content/StarterContent/Textures/T_Spark_Core.uasset" 399
"C:/JamCat/JamCat/Content/StarterContent/Particles/Materials/M_Spark.uasset" 400
"C:/JamCat/JamCat/Content/StarterContent/Particles/P_Sparks1.uasset" 401
"C:/JamCat/JamCat/Content/Test2/BP_Cat2.uasset" 402
"C:/JamCat/JamCat/Content/assets/shader/space_station.uasset" 403
"C:/JamCat/JamCat/Content/Meshes/StaticMesh.uasset" 404
"C:/JamCat/JamCat/Content/Test2/BP_SpaceStation.uasset" 405
"C:/JamCat/JamCat/Content/TS_PostProcess/PostProcess/Instances/PPM_TS_ToonShader_Inst2.uasset" 406
"C:/JamCat/JamCat/Content/L_Test2.umap" 407
"C:/JamCat/JamCat/Content/assets/shader/space_floor.uasset" 408
"C:/JamCat/JamCat/Content/assets/shader/cats/nyancat_1.uasset" 409
"C:/JamCat/JamCat/Content/assets/shader/cats/nyancat_2.uasset" 410
"C:/JamCat/JamCat/Content/assets/shader/cats/qoobit_2.uasset" 411
"../../../Engine/Content/BasicShapes/Cube.uasset" 412
"../../../Engine/Content/BasicShapes/Cylinder.uasset" 413
"C:/JamCat/JamCat/Content/assets/skeletal/space_station/space_station_Skeleton.uasset" 414
"C:/JamCat/JamCat/Content/assets/skeletal/space_station/space_station.uasset" 415
"C:/JamCat/JamCat/Content/assets/lookdev/lookdev_level.umap" 416
"C:/JamCat/JamCat/Content/StarterContent/Blueprints/Assets/FogBrightnessLUT.uasset" 417
"C:/JamCat/JamCat/Content/StarterContent/Blueprints/Assets/SunlightColorLUT.uasset" 418
"C:/JamCat/JamCat/Content/StarterContent/Blueprints/Assets/M_LightStage_Arrows.uasset" 419
"../../../Engine/Content/MapTemplates/Sky/DaylightAmbientCubemap.uasset" 420
"C:/JamCat/JamCat/Content/StarterContent/Blueprints/Assets/M_LightStage_Skybox_Master.uasset" 421
"C:/JamCat/JamCat/Content/StarterContent/Blueprints/Assets/M_LightStage_Skybox_Black.uasset" 422
"C:/JamCat/JamCat/Content/StarterContent/Blueprints/Assets/M_LightStage_Skybox_HDRI.uasset" 423
"../../../Engine/Content/EditorMaterials/Thumbnails/SkySphereMaterial.uasset" 424
"C:/JamCat/JamCat/Content/StarterContent/Blueprints/Assets/Skybox.uasset" 425
"C:/JamCat/JamCat/Content/StarterContent/Blueprints/Assets/SM_Arrows.uasset" 426
"C:/JamCat/JamCat/Content/StarterContent/HDRI/HDRI_Epic_Courtyard_Daylight.uasset" 427
"C:/JamCat/JamCat/Content/StarterContent/Blueprints/BP_LightStudio.uasset" 428
"C:/JamCat/JamCat/Content/StarterContent/Maps/Advanced_Lighting_BuiltData.uasset" 429
"C:/JamCat/JamCat/Content/StarterContent/Materials/M_AssetPlatform.uasset" 430
"../../../Engine/Content/EditorMeshes/ColorCalibrator/M_ChromeBall.uasset" 431
"../../../Engine/Content/EditorMeshes/ColorCalibrator/M_ClearCoat.uasset" 432
"../../../Engine/Content/EditorMeshes/ColorCalibrator/M_ClearCoatBlack.uasset" 433
"../../../Engine/Content/EditorMeshes/ColorCalibrator/Color_checker.uasset" 434
"../../../Engine/Content/EditorMeshes/ColorCalibrator/M_ColorGrid.uasset" 435
"../../../Engine/Content/EditorMeshes/ColorCalibrator/M_GreyBall.uasset" 436
"../../../Engine/Content/EditorMeshes/ColorCalibrator/SM_ColorCalibrator.uasset" 437
"C:/JamCat/JamCat/Content/StarterContent/Architecture/SM_AssetPlatform.uasset" 438
"C:/JamCat/JamCat/Content/StarterContent/Maps/Advanced_Lighting.umap" 439
"../../../Engine/Content/EngineSky/C_Sky_Cloud_Color.uasset" 440
"../../../Engine/Content/EngineSky/C_Sky_Horizon_Color.uasset" 441
"../../../Engine/Content/EngineSky/C_Sky_Zenith_Color.uasset" 442
"../../../Engine/Content/EngineSky/T_Sky_Blue.uasset" 443
"../../../Engine/Content/EngineSky/T_Sky_Clouds_M.uasset" 444
"../../../Engine/Content/EngineSky/T_Sky_Stars.uasset" 445
"../../../Engine/Content/EngineSky/M_Sky_Panning_Clouds2.uasset" 446
"../../../Engine/Content/EngineSky/SM_SkySphere.uasset" 447
"../../../Engine/Content/EngineSky/BP_Sky_Sphere.uasset" 448
"C:/JamCat/JamCat/Content/StarterContent/Maps/Minimal_Default_BuiltData.uasset" 449
"C:/JamCat/JamCat/Content/StarterContent/Textures/T_MacroVariation.uasset" 450
"C:/JamCat/JamCat/Content/StarterContent/Materials/M_Metal_Brushed_Nickel.uasset" 451
"C:/JamCat/JamCat/Content/StarterContent/Textures/T_Metal_Aluminum_D.uasset" 452
"C:/JamCat/JamCat/Content/StarterContent/Textures/T_Metal_Gold_N.uasset" 453
"C:/JamCat/JamCat/Content/StarterContent/Materials/M_Metal_Burnished_Steel.uasset" 454
"C:/JamCat/JamCat/Content/StarterContent/Textures/T_Metal_Copper_D.uasset" 455
"C:/JamCat/JamCat/Content/StarterContent/Materials/M_Metal_Copper.uasset" 456
"C:/JamCat/JamCat/Content/StarterContent/Textures/T_Statue_M.uasset" 457
"C:/JamCat/JamCat/Content/StarterContent/Textures/T_Statue_N.uasset" 458
"C:/JamCat/JamCat/Content/StarterContent/Props/Materials/M_StatueGlass.uasset" 459
"C:/JamCat/JamCat/Content/StarterContent/Architecture/Floor_400x400.uasset" 460
"C:/JamCat/JamCat/Content/StarterContent/Audio/Starter_Background_Cue.uasset" 461
"C:/JamCat/JamCat/Content/StarterContent/Props/SM_Chair.uasset" 462
"C:/JamCat/JamCat/Content/StarterContent/Props/Materials/M_Statue.uasset" 463
"C:/JamCat/JamCat/Content/StarterContent/Props/SM_Statue.uasset" 464
"C:/JamCat/JamCat/Content/StarterContent/Textures/T_TableRound_M.uasset" 465
"C:/JamCat/JamCat/Content/StarterContent/Textures/T_TableRound_N.uasset" 466
"C:/JamCat/JamCat/Content/StarterContent/Props/Materials/M_TableRound.uasset" 467
"C:/JamCat/JamCat/Content/StarterContent/Props/SM_TableRound.uasset" 468
"C:/JamCat/JamCat/Content/StarterContent/Maps/Minimal_Default.umap" 469
"C:/JamCat/JamCat/Content/StarterContent/Audio/Fire01_Cue.uasset" 470
"C:/JamCat/JamCat/Content/StarterContent/Textures/T_Fire_SubUV.uasset" 471
"C:/JamCat/JamCat/Content/StarterContent/Textures/T_Fire_Tiled_D.uasset" 472
"C:/JamCat/JamCat/Content/StarterContent/Particles/Materials/M_Fire_SubUV.uasset" 473
"C:/JamCat/JamCat/Content/StarterContent/Textures/T_Water_N.uasset" 474
"C:/JamCat/JamCat/Content/StarterContent/Particles/Materials/M_Heat_Distortion.uasset" 475
"C:/JamCat/JamCat/Content/StarterContent/Particles/P_Fire.uasset" 476
"C:/JamCat/JamCat/Content/StarterContent/Blueprints/Blueprint_Effect_Fire.uasset" 477
"C:/JamCat/JamCat/Content/StarterContent/Audio/Smoke01_Cue.uasset" 478
"C:/JamCat/JamCat/Content/StarterContent/Particles/P_Smoke.uasset" 479
"C:/JamCat/JamCat/Content/StarterContent/Blueprints/Blueprint_Effect_Smoke.uasset" 480
"C:/JamCat/JamCat/Content/StarterContent/Audio/Fire_Sparks01_Cue.uasset" 481
"C:/JamCat/JamCat/Content/StarterContent/Particles/P_Sparks.uasset" 482
"C:/JamCat/JamCat/Content/StarterContent/Blueprints/Blueprint_Effect_Sparks.uasset" 483
"C:/JamCat/JamCat/Content/StarterContent/Audio/Steam01_Cue.uasset" 484
"C:/JamCat/JamCat/Content/StarterContent/Particles/P_Steam_Lit.uasset" 485
"C:/JamCat/JamCat/Content/StarterContent/Blueprints/Blueprint_Effect_Steam.uasset" 486
"C:/JamCat/JamCat/Content/StarterContent/Textures/T_Lamp_M.uasset" 487
"C:/JamCat/JamCat/Content/StarterContent/Textures/T_Lamp_N.uasset" 488
"C:/JamCat/JamCat/Content/StarterContent/Props/Materials/M_Lamp.uasset" 489
"C:/JamCat/JamCat/Content/StarterContent/Props/SM_Lamp_Ceiling.uasset" 490
"C:/JamCat/JamCat/Content/StarterContent/Blueprints/Blueprint_CeilingLight.uasset" 491
"C:/JamCat/JamCat/Content/StarterContent/Props/SM_Lamp_Wall.uasset" 492
"C:/JamCat/JamCat/Content/StarterContent/Blueprints/Blueprint_WallSconce.uasset" 493
"C:/JamCat/JamCat/Content/StarterContent/Maps/StarterMap_BuiltData.uasset" 494
"../../../Engine/Content/Functions/Engine_MaterialFunctions03/Procedurals/ComputeFilterWidth.uasset" 495
"../../../Engine/Content/EngineMaterials/AntiAliasedTextMaterialTranslucent.uasset" 496
"C:/JamCat/JamCat/Content/StarterContent/Textures/T_Brick_Clay_Beveled_D.uasset" 497
"C:/JamCat/JamCat/Content/StarterContent/Textures/T_Brick_Clay_Beveled_M.uasset" 498
"C:/JamCat/JamCat/Content/StarterContent/Textures/T_Brick_Clay_Beveled_N.uasset" 499
"C:/JamCat/JamCat/Content/StarterContent/Materials/M_Brick_Clay_Beveled.uasset" 500
"C:/JamCat/JamCat/Content/StarterContent/Textures/T_Brick_Clay_New_D.uasset" 501
"C:/JamCat/JamCat/Content/StarterContent/Textures/T_Brick_Clay_New_M.uasset" 502
"C:/JamCat/JamCat/Content/StarterContent/Textures/T_Brick_Clay_New_N.uasset" 503
"C:/JamCat/JamCat/Content/StarterContent/Materials/M_Brick_Clay_New.uasset" 504
"C:/JamCat/JamCat/Content/StarterContent/Textures/T_Brick_Clay_Old_D.uasset" 505
"C:/JamCat/JamCat/Content/StarterContent/Textures/T_Brick_Clay_Old_N.uasset" 506
"C:/JamCat/JamCat/Content/StarterContent/Textures/T_Perlin_Noise_M.uasset" 507
"C:/JamCat/JamCat/Content/StarterContent/Materials/M_Brick_Clay_Old.uasset" 508
"C:/JamCat/JamCat/Content/StarterContent/Textures/T_Brick_Cut_Stone_D.uasset" 509
"C:/JamCat/JamCat/Content/StarterContent/Textures/T_Brick_Cut_Stone_N.uasset" 510
"C:/JamCat/JamCat/Content/StarterContent/Materials/M_Brick_Cut_Stone.uasset" 511
"C:/JamCat/JamCat/Content/StarterContent/Textures/T_Brick_Hewn_Stone_D.uasset" 512
"C:/JamCat/JamCat/Content/StarterContent/Textures/T_Brick_Hewn_Stone_M.uasset" 513
"C:/JamCat/JamCat/Content/StarterContent/Textures/T_Brick_Hewn_Stone_N.uasset" 514
"C:/JamCat/JamCat/Content/StarterContent/Materials/M_Brick_Hewn_Stone.uasset" 515
"C:/JamCat/JamCat/Content/StarterContent/Textures/T_Ceramic_Tile_M.uasset" 516
"C:/JamCat/JamCat/Content/StarterContent/Textures/T_Ceramic_Tile_N.uasset" 517
"C:/JamCat/JamCat/Content/StarterContent/Textures/T_Rock_Marble_Polished_D.uasset" 518
"C:/JamCat/JamCat/Content/StarterContent/Materials/M_Ceramic_Tile_Checker.uasset" 519
"C:/JamCat/JamCat/Content/StarterContent/Textures/T_CobbleStone_Pebble_D.uasset" 520
"C:/JamCat/JamCat/Content/StarterContent/Textures/T_CobbleStone_Pebble_M.uasset" 521
"C:/JamCat/JamCat/Content/StarterContent/Textures/T_CobbleStone_Pebble_N.uasset" 522
"C:/JamCat/JamCat/Content/StarterContent/Materials/M_CobbleStone_Pebble.uasset" 523
"C:/JamCat/JamCat/Content/StarterContent/Textures/T_CobbleStone_Rough_D.uasset" 524
"C:/JamCat/JamCat/Content/StarterContent/Textures/T_CobbleStone_Rough_N.uasset" 525
"C:/JamCat/JamCat/Content/StarterContent/Textures/T_Gradinet_01.uasset" 526
"C:/JamCat/JamCat/Content/StarterContent/Textures/T_Rock_Smooth_Granite_D.uasset" 527
"C:/JamCat/JamCat/Content/StarterContent/Materials/M_CobbleStone_Rough.uasset" 528
"C:/JamCat/JamCat/Content/StarterContent/Textures/T_CobbleStone_Smooth_D.uasset" 529
"C:/JamCat/JamCat/Content/StarterContent/Textures/T_CobbleStone_Smooth_M.uasset" 530
"C:/JamCat/JamCat/Content/StarterContent/Textures/T_CobbleStone_Smooth_N.uasset" 531
"C:/JamCat/JamCat/Content/StarterContent/Materials/M_CobbleStone_Smooth.uasset" 532
"C:/JamCat/JamCat/Content/StarterContent/Textures/T_Concrete_Grime_D.uasset" 533
"C:/JamCat/JamCat/Content/StarterContent/Textures/T_Metal_Rust_N.uasset" 534
"C:/JamCat/JamCat/Content/StarterContent/Materials/M_Concrete_Grime.uasset" 535
"C:/JamCat/JamCat/Content/StarterContent/Textures/T_Concrete_Panels_D.uasset" 536
"C:/JamCat/JamCat/Content/StarterContent/Textures/T_Concrete_Panels_N.uasset" 537
"C:/JamCat/JamCat/Content/StarterContent/Materials/M_Concrete_Panels.uasset" 538
"C:/JamCat/JamCat/Content/StarterContent/Textures/T_Concrete_Poured_D.uasset" 539
"C:/JamCat/JamCat/Content/StarterContent/Textures/T_Concrete_Poured_N.uasset" 540
"C:/JamCat/JamCat/Content/StarterContent/Materials/M_Concrete_Poured.uasset" 541
"C:/JamCat/JamCat/Content/StarterContent/Textures/T_Concrete_Tiles_D.uasset" 542
"C:/JamCat/JamCat/Content/StarterContent/Textures/T_Concrete_Tiles_M.uasset" 543
"C:/JamCat/JamCat/Content/StarterContent/Textures/T_Concrete_Tiles_N.uasset" 544
"C:/JamCat/JamCat/Content/StarterContent/Textures/T_Concrete_Tiles_Variation_M.uasset" 545
"C:/JamCat/JamCat/Content/StarterContent/Materials/M_Concrete_Tiles.uasset" 546
"C:/JamCat/JamCat/Content/StarterContent/Textures/T_Ground_Grass_D.uasset" 547
"C:/JamCat/JamCat/Content/StarterContent/Textures/T_Ground_Grass_N.uasset" 548
"C:/JamCat/JamCat/Content/StarterContent/Materials/M_Ground_Grass.uasset" 549
"C:/JamCat/JamCat/Content/StarterContent/Textures/T_Ground_Gravel_D.uasset" 550
"C:/JamCat/JamCat/Content/StarterContent/Textures/T_Ground_Gravel_N.uasset" 551
"C:/JamCat/JamCat/Content/StarterContent/Materials/M_Ground_Gravel.uasset" 552
"C:/JamCat/JamCat/Content/StarterContent/Textures/T_ground_Moss_D.uasset" 553
"C:/JamCat/JamCat/Content/StarterContent/Textures/T_Ground_Moss_N.uasset" 554
"C:/JamCat/JamCat/Content/StarterContent/Materials/M_Ground_Moss.uasset" 555
"C:/JamCat/JamCat/Content/StarterContent/Materials/M_Metal_Chrome.uasset" 556
"C:/JamCat/JamCat/Content/StarterContent/Textures/T_Metal_Gold_D.uasset" 557
"C:/JamCat/JamCat/Content/StarterContent/Materials/M_Metal_Gold.uasset" 558
"C:/JamCat/JamCat/Content/StarterContent/Textures/T_Metal_Rust_D.uasset" 559
"C:/JamCat/JamCat/Content/StarterContent/Materials/M_Metal_Rust.uasset" 560
"C:/JamCat/JamCat/Content/StarterContent/Textures/T_Metal_Steel_D.uasset" 561
"C:/JamCat/JamCat/Content/StarterContent/Textures/T_Metal_Steel_N.uasset" 562
"C:/JamCat/JamCat/Content/StarterContent/Materials/M_Metal_Steel.uasset" 563
"C:/JamCat/JamCat/Content/StarterContent/Textures/T_Rock_Basalt_N.uasset" 564
"C:/JamCat/JamCat/Content/StarterContent/Materials/M_Rock_Basalt.uasset" 565
"C:/JamCat/JamCat/Content/StarterContent/Materials/M_Rock_Marble_Polished.uasset" 566
"C:/JamCat/JamCat/Content/StarterContent/Textures/T_Rock_Sandstone_D.uasset" 567
"C:/JamCat/JamCat/Content/StarterContent/Textures/T_Rock_Sandstone_N.uasset" 568
"C:/JamCat/JamCat/Content/StarterContent/Materials/M_Rock_Sandstone.uasset" 569
"C:/JamCat/JamCat/Content/StarterContent/Textures/T_Rock_Slate_D.uasset" 570
"C:/JamCat/JamCat/Content/StarterContent/Textures/T_Rock_Slate_N.uasset" 571
"C:/JamCat/JamCat/Content/StarterContent/Materials/M_Rock_Slate.uasset" 572
"C:/JamCat/JamCat/Content/StarterContent/Textures/T_Checker_Noise_M.uasset" 573
"C:/JamCat/JamCat/Content/StarterContent/Textures/T_Single_Tile_N.uasset" 574
"C:/JamCat/JamCat/Content/StarterContent/Textures/T_Tech_Dot_M.uasset" 575
"C:/JamCat/JamCat/Content/StarterContent/Textures/T_Tech_Dot_N.uasset" 576
"C:/JamCat/JamCat/Content/StarterContent/Materials/M_Tech_Checker_Dot.uasset" 577
"C:/JamCat/JamCat/Content/StarterContent/Textures/T_Tech_Hex_Tile_M.uasset" 578
"C:/JamCat/JamCat/Content/StarterContent/Textures/T_Tech_Hex_Tile_N.uasset" 579
"C:/JamCat/JamCat/Content/StarterContent/Materials/M_Tech_Hex_Tile.uasset" 580
"C:/JamCat/JamCat/Content/StarterContent/Materials/M_Tech_Hex_Tile_Pulse.uasset" 581
"C:/JamCat/JamCat/Content/StarterContent/Textures/T_Tech_Panel_M.uasset" 582
"C:/JamCat/JamCat/Content/StarterContent/Textures/T_Tech_Panel_N.uasset" 583
"C:/JamCat/JamCat/Content/StarterContent/Materials/M_Tech_Panel.uasset" 584
"C:/JamCat/JamCat/Content/StarterContent/Materials/M_Water_Lake.uasset" 585
"C:/JamCat/JamCat/Content/StarterContent/Textures/T_Water_M.uasset" 586
"C:/JamCat/JamCat/Content/StarterContent/Materials/M_Water_Ocean.uasset" 587
"C:/JamCat/JamCat/Content/StarterContent/Textures/T_Wood_Floor_Walnut_D.uasset" 588
"C:/JamCat/JamCat/Content/StarterContent/Textures/T_Wood_Floor_Walnut_M.uasset" 589
"C:/JamCat/JamCat/Content/StarterContent/Textures/T_Wood_Floor_Walnut_N.uasset" 590
"C:/JamCat/JamCat/Content/StarterContent/Materials/M_Wood_Floor_Walnut_Polished.uasset" 591
"../../../Engine/Content/Functions/Engine_MaterialFunctions01/Opacity/AlphaOffset.uasset" 592
"C:/JamCat/JamCat/Content/StarterContent/Materials/M_Wood_Floor_Walnut_Worn.uasset" 593
"C:/JamCat/JamCat/Content/StarterContent/Textures/T_Wood_Oak_D.uasset" 594
"C:/JamCat/JamCat/Content/StarterContent/Textures/T_Wood_Oak_N.uasset" 595
"C:/JamCat/JamCat/Content/StarterContent/Materials/M_Wood_Oak.uasset" 596
"C:/JamCat/JamCat/Content/StarterContent/Textures/T_Wood_Pine_D.uasset" 597
"C:/JamCat/JamCat/Content/StarterContent/Textures/T_Wood_Pine_N.uasset" 598
"C:/JamCat/JamCat/Content/StarterContent/Materials/M_Wood_Pine.uasset" 599
"C:/JamCat/JamCat/Content/StarterContent/Textures/T_Wood_Walnut_D.uasset" 600
"C:/JamCat/JamCat/Content/StarterContent/Textures/T_Wood_Walnut_N.uasset" 601
"C:/JamCat/JamCat/Content/StarterContent/Materials/M_Wood_Walnut.uasset" 602
"C:/JamCat/JamCat/Content/StarterContent/Architecture/Wall_400x200.uasset" 603
"C:/JamCat/JamCat/Content/StarterContent/Architecture/Wall_Door_400x300.uasset" 604
"C:/JamCat/JamCat/Content/StarterContent/Architecture/Wall_Window_400x300.uasset" 605
"C:/JamCat/JamCat/Content/StarterContent/Audio/Collapse_Cue.uasset" 606
"C:/JamCat/JamCat/Content/StarterContent/Audio/Starter_Music_Cue.uasset" 607
"C:/JamCat/JamCat/Content/StarterContent/Textures/T_Dust_Particle_D.uasset" 608
"C:/JamCat/JamCat/Content/StarterContent/Particles/Materials/M_Dust_Particle.uasset" 609
"C:/JamCat/JamCat/Content/StarterContent/Particles/P_Ambient_Dust.uasset" 610
"C:/JamCat/JamCat/Content/StarterContent/Props/MaterialSphere.uasset" 611
"C:/JamCat/JamCat/Content/StarterContent/Textures/T_Frame_M.uasset" 612
"C:/JamCat/JamCat/Content/StarterContent/Textures/T_Frame_N.uasset" 613
"C:/JamCat/JamCat/Content/StarterContent/Props/Materials/M_Frame.uasset" 614
"C:/JamCat/JamCat/Content/StarterContent/Props/SM_CornerFrame.uasset" 615
"C:/JamCat/JamCat/Content/StarterContent/Props/SM_DoorFrame.uasset" 616
"C:/JamCat/JamCat/Content/StarterContent/Props/SM_GlassWindow.uasset" 617
"C:/JamCat/JamCat/Content/StarterContent/Props/SM_PillarFrame.uasset" 618
"C:/JamCat/JamCat/Content/StarterContent/Props/SM_PillarFrame300.uasset" 619
"C:/JamCat/JamCat/Content/StarterContent/Props/SM_WindowFrame.uasset" 620
"C:/JamCat/JamCat/Content/StarterContent/Shapes/Shape_Cube.uasset" 621
"C:/JamCat/JamCat/Content/StarterContent/Shapes/Shape_QuadPyramid.uasset" 622
"C:/JamCat/JamCat/Content/StarterContent/Shapes/Shape_Sphere.uasset" 623
"C:/JamCat/JamCat/Content/StarterContent/Maps/StarterMap.umap" 624
"../../../Engine/Content/Maps/Entry_BuiltData.uasset" 625
"../../../Engine/Content/Maps/Entry.umap" 626
